

0.000000000  Node Startup
0.000000000 INFO [/tmp/binarydeb/ros-kinetic-map-server-1.14.8/src/main.cpp:167(MapServer) [topics: /rosout] Loading map from image "/home/zghera/Documents/AMP-v1/src/kart_2dnav/maps/autocross.png"
0.000000000 WARN [/tmp/binarydeb/ros-kinetic-amcl-1.14.8/src/amcl_node.cpp:803(requestMap) [topics: /rosout, /tf, /amcl_pose, /particlecloud] Request for map failed; trying again...
0.000000000 INFO [/tmp/binarydeb/ros-kinetic-stage-ros-1.7.5/src/stageros.cpp:352(SubscribeModels) [topics: /rosout, /tf] Found 1 laser devices and 0 cameras in robot 0
0.000000000 INFO [/tmp/binarydeb/ros-kinetic-rviz-1.12.17/src/rviz/ogre_helpers/render_system.cpp:441(RenderWindow* rviz::RenderSystem::makeRenderWindow) [topics: /rosout] Stereo is NOT SUPPORTED
0.000000000 INFO [/tmp/binarydeb/ros-kinetic-rviz-1.12.17/src/rviz/ogre_helpers/render_system.cpp:222(RenderSystem::detectGlVersion) [topics: /rosout] OpenGl version: 3 (GLSL 1.3).
0.300000000 INFO [/tmp/binarydeb/ros-kinetic-map-server-1.14.8/src/main.cpp:185(MapServer) [topics: /rosout] Read a 200 X 200 map @ 0.050 m/cell
0.600000000 INFO [/tmp/binarydeb/ros-kinetic-rviz-1.12.17/src/rviz/default_plugin/map_display.cpp:604(MapDisplay::createSwatches) [topics: /rosout, /initialpose, /move_base_simple/goal, /clicked_point] Creating 1 swatches
0.900000000 INFO [/tmp/binarydeb/ros-kinetic-map-server-1.14.8/src/main.cpp:215(mapCallback) [topics: /rosout, /map_metadata, /map] Sending map
0.900000000 INFO [/tmp/binarydeb/ros-kinetic-amcl-1.14.8/src/amcl_node.cpp:830(handleMapMessage) [topics: /rosout, /tf, /amcl_pose, /particlecloud] Received a 200 X 200 map @ 0.050 m/pix

0.900000000 INFO [/tmp/binarydeb/ros-kinetic-amcl-1.14.8/src/amcl_node.cpp:899(handleMapMessage) [topics: /rosout, /tf, /amcl_pose, /particlecloud] Initializing likelihood field model; this can take some time on large maps...
0.900000000 INFO [/tmp/binarydeb/ros-kinetic-amcl-1.14.8/src/amcl_node.cpp:902(handleMapMessage) [topics: /rosout, /tf, /amcl_pose, /particlecloud] Done initializing likelihood field model.
1.200000000 INFO [/tmp/binarydeb/ros-kinetic-costmap-2d-1.14.8/src/costmap_2d_ros.cpp:138(Costmap2DROS::Costmap2DROS) [topics: /rosout, /cmd_vel, /move_base/current_goal, /move_base/goal] Using plugin "static_layer"
1.200000000 INFO [/tmp/binarydeb/ros-kinetic-costmap-2d-1.14.8/plugins/static_layer.cpp:87(StaticLayer::onInitialize) [topics: /rosout, /cmd_vel, /move_base/current_goal, /move_base/goal] Requesting the map...
1.500000000 INFO [/tmp/binarydeb/ros-kinetic-costmap-2d-1.14.8/plugins/static_layer.cpp:180(StaticLayer::incomingMap) [topics: /rosout, /cmd_vel, /move_base/current_goal, /move_base/goal] Resizing costmap to 200 X 200 at 0.050000 m/pix
1.600000000 INFO [/tmp/binarydeb/ros-kinetic-costmap-2d-1.14.8/plugins/static_layer.cpp:99(StaticLayer::onInitialize) [topics: /rosout, /cmd_vel, /move_base/current_goal, /move_base/goal] Received a 200 X 200 map at 0.050000 m/pix
1.600000000 INFO [/tmp/binarydeb/ros-kinetic-costmap-2d-1.14.8/src/costmap_2d_ros.cpp:138(Costmap2DROS::Costmap2DROS) [topics: /rosout, /cmd_vel, /move_base/current_goal, /move_base/goal, /move_base/global_costmap/static_layer/parameter_descriptions, /move_base/global_costmap/static_layer/parameter_updates] Using plugin "obstacle_layer"
1.600000000 INFO [/tmp/binarydeb/ros-kinetic-costmap-2d-1.14.8/plugins/obstacle_layer.cpp:76(ObstacleLayer::onInitialize) [topics: /rosout, /cmd_vel, /move_base/current_goal, /move_base/goal, /move_base/global_costmap/static_layer/parameter_descriptions, /move_base/global_costmap/static_layer/parameter_updates]     Subscribed to Topics: laser_scan_sensor
1.700000000 INFO [/tmp/binarydeb/ros-kinetic-costmap-2d-1.14.8/src/costmap_2d_ros.cpp:138(Costmap2DROS::Costmap2DROS) [topics: /rosout, /cmd_vel, /move_base/current_goal, /move_base/goal, /move_base/global_costmap/static_layer/parameter_descriptions, /move_base/global_costmap/static_layer/parameter_updates, /move_base/global_costmap/obstacle_layer/parameter_descriptions, /move_base/global_costmap/obstacle_layer/parameter_updates, /move_base/global_costmap/obstacle_layer/clearing_endpoints] Using plugin "inflation_layer"
1.800000000 INFO [/tmp/binarydeb/ros-kinetic-costmap-2d-1.14.8/src/costmap_2d_ros.cpp:138(Costmap2DROS::Costmap2DROS) [topics: /rosout, /cmd_vel, /move_base/current_goal, /move_base/goal, /move_base/global_costmap/static_layer/parameter_descriptions, /move_base/global_costmap/static_layer/parameter_updates, /move_base/global_costmap/obstacle_layer/parameter_descriptions, /move_base/global_costmap/obstacle_layer/parameter_updates, /move_base/global_costmap/obstacle_layer/clearing_endpoints, /move_base/global_costmap/inflation_layer/parameter_descriptions, /move_base/global_costmap/inflation_layer/parameter_updates, /move_base/global_costmap/footprint, /move_base/global_costmap/costmap, /move_base/global_costmap/costmap_updates, /move_base/global_costmap/parameter_descriptions, /move_base/global_costmap/parameter_updates, /move_base/GlobalPlanner/plan, /move_base/GlobalPlanner/potential, /move_base/GlobalPlanner/parameter_descriptions, /move_base/GlobalPlanner/parameter_updates] Using plugin "static_layer"
1.800000000 INFO [/tmp/binarydeb/ros-kinetic-costmap-2d-1.14.8/plugins/static_layer.cpp:87(StaticLayer::onInitialize) [topics: /rosout, /cmd_vel, /move_base/current_goal, /move_base/goal, /move_base/global_costmap/static_layer/parameter_descriptions, /move_base/global_costmap/static_layer/parameter_updates, /move_base/global_costmap/obstacle_layer/parameter_descriptions, /move_base/global_costmap/obstacle_layer/parameter_updates, /move_base/global_costmap/obstacle_layer/clearing_endpoints, /move_base/global_costmap/inflation_layer/parameter_descriptions, /move_base/global_costmap/inflation_layer/parameter_updates, /move_base/global_costmap/footprint, /move_base/global_costmap/costmap, /move_base/global_costmap/costmap_updates, /move_base/global_costmap/parameter_descriptions, /move_base/global_costmap/parameter_updates, /move_base/GlobalPlanner/plan, /move_base/GlobalPlanner/potential, /move_base/GlobalPlanner/parameter_descriptions, /move_base/GlobalPlanner/parameter_updates] Requesting the map...
1.900000000 INFO [/tmp/binarydeb/ros-kinetic-costmap-2d-1.14.8/plugins/static_layer.cpp:191(StaticLayer::incomingMap) [topics: /rosout, /cmd_vel, /move_base/current_goal, /move_base/goal, /move_base/global_costmap/static_layer/parameter_descriptions, /move_base/global_costmap/static_layer/parameter_updates, /move_base/global_costmap/obstacle_layer/parameter_descriptions, /move_base/global_costmap/obstacle_layer/parameter_updates, /move_base/global_costmap/obstacle_layer/clearing_endpoints, /move_base/global_costmap/inflation_layer/parameter_descriptions, /move_base/global_costmap/inflation_layer/parameter_updates, /move_base/global_costmap/footprint, /move_base/global_costmap/costmap, /move_base/global_costmap/costmap_updates, /move_base/global_costmap/parameter_descriptions, /move_base/global_costmap/parameter_updates, /move_base/GlobalPlanner/plan, /move_base/GlobalPlanner/potential, /move_base/GlobalPlanner/parameter_descriptions, /move_base/GlobalPlanner/parameter_updates] Resizing static layer to 200 X 200 at 0.050000 m/pix
2.000000000 INFO [/tmp/binarydeb/ros-kinetic-costmap-2d-1.14.8/plugins/static_layer.cpp:99(StaticLayer::onInitialize) [topics: /rosout, /cmd_vel, /move_base/current_goal, /move_base/goal, /move_base/global_costmap/static_layer/parameter_descriptions, /move_base/global_costmap/static_layer/parameter_updates, /move_base/global_costmap/obstacle_layer/parameter_descriptions, /move_base/global_costmap/obstacle_layer/parameter_updates, /move_base/global_costmap/obstacle_layer/clearing_endpoints, /move_base/global_costmap/inflation_layer/parameter_descriptions, /move_base/global_costmap/inflation_layer/parameter_updates, /move_base/global_costmap/footprint, /move_base/global_costmap/costmap, /move_base/global_costmap/costmap_updates, /move_base/global_costmap/parameter_descriptions, /move_base/global_costmap/parameter_updates, /move_base/GlobalPlanner/plan, /move_base/GlobalPlanner/potential, /move_base/GlobalPlanner/parameter_descriptions, /move_base/GlobalPlanner/parameter_updates] Received a 200 X 200 map at 0.050000 m/pix
2.000000000 INFO [/tmp/binarydeb/ros-kinetic-costmap-2d-1.14.8/src/costmap_2d_ros.cpp:138(Costmap2DROS::Costmap2DROS) [topics: /rosout, /cmd_vel, /move_base/current_goal, /move_base/goal, /move_base/global_costmap/static_layer/parameter_descriptions, /move_base/global_costmap/static_layer/parameter_updates, /move_base/global_costmap/obstacle_layer/parameter_descriptions, /move_base/global_costmap/obstacle_layer/parameter_updates, /move_base/global_costmap/obstacle_layer/clearing_endpoints, /move_base/global_costmap/inflation_layer/parameter_descriptions, /move_base/global_costmap/inflation_layer/parameter_updates, /move_base/global_costmap/footprint, /move_base/global_costmap/costmap, /move_base/global_costmap/costmap_updates, /move_base/global_costmap/parameter_descriptions, /move_base/global_costmap/parameter_updates, /move_base/GlobalPlanner/plan, /move_base/GlobalPlanner/potential, /move_base/GlobalPlanner/parameter_descriptions, /move_base/GlobalPlanner/parameter_updates, /move_base/local_costmap/static_layer/parameter_descriptions, /move_base/local_costmap/static_layer/parameter_updates] Using plugin "obstacle_layer"
2.000000000 INFO [/tmp/binarydeb/ros-kinetic-costmap-2d-1.14.8/plugins/obstacle_layer.cpp:76(ObstacleLayer::onInitialize) [topics: /rosout, /cmd_vel, /move_base/current_goal, /move_base/goal, /move_base/global_costmap/static_layer/parameter_descriptions, /move_base/global_costmap/static_layer/parameter_updates, /move_base/global_costmap/obstacle_layer/parameter_descriptions, /move_base/global_costmap/obstacle_layer/parameter_updates, /move_base/global_costmap/obstacle_layer/clearing_endpoints, /move_base/global_costmap/inflation_layer/parameter_descriptions, /move_base/global_costmap/inflation_layer/parameter_updates, /move_base/global_costmap/footprint, /move_base/global_costmap/costmap, /move_base/global_costmap/costmap_updates, /move_base/global_costmap/parameter_descriptions, /move_base/global_costmap/parameter_updates, /move_base/GlobalPlanner/plan, /move_base/GlobalPlanner/potential, /move_base/GlobalPlanner/parameter_descriptions, /move_base/GlobalPlanner/parameter_updates, /move_base/local_costmap/static_layer/parameter_descriptions, /move_base/local_costmap/static_layer/parameter_updates]     Subscribed to Topics: laser_scan_sensor
2.100000000 INFO [/tmp/binarydeb/ros-kinetic-move-base-1.14.8/src/move_base.cpp:131(MoveBase::MoveBase) [topics: /rosout, /cmd_vel, /move_base/current_goal, /move_base/goal, /move_base/global_costmap/static_layer/parameter_descriptions, /move_base/global_costmap/static_layer/parameter_updates, /move_base/global_costmap/obstacle_layer/parameter_descriptions, /move_base/global_costmap/obstacle_layer/parameter_updates, /move_base/global_costmap/obstacle_layer/clearing_endpoints, /move_base/global_costmap/inflation_layer/parameter_descriptions, /move_base/global_costmap/inflation_layer/parameter_updates, /move_base/global_costmap/footprint, /move_base/global_costmap/costmap, /move_base/global_costmap/costmap_updates, /move_base/global_costmap/parameter_descriptions, /move_base/global_costmap/parameter_updates, /move_base/GlobalPlanner/plan, /move_base/GlobalPlanner/potential, /move_base/GlobalPlanner/parameter_descriptions, /move_base/GlobalPlanner/parameter_updates, /move_base/local_costmap/static_layer/parameter_descriptions, /move_base/local_costmap/static_layer/parameter_updates, /move_base/local_costmap/obstacle_layer/parameter_descriptions, /move_base/local_costmap/obstacle_layer/parameter_updates, /move_base/local_costmap/footprint, /move_base/local_costmap/costmap, /move_base/local_costmap/costmap_updates, /move_base/local_costmap/parameter_descriptions, /move_base/local_costmap/parameter_updates] Created local_planner teb_local_planner/TebLocalPlannerROS
2.300000000 INFO [/tmp/binarydeb/ros-kinetic-teb-local-planner-0.6.14/src/teb_local_planner_ros.cpp:1039(RobotFootprintModelPtr teb_local_planner::TebLocalPlannerROS::getRobotFootprintFromParamServer) [topics: /rosout, /cmd_vel, /move_base/current_goal, /move_base/goal, /move_base/global_costmap/static_layer/parameter_descriptions, /move_base/global_costmap/static_layer/parameter_updates, /move_base/global_costmap/obstacle_layer/parameter_descriptions, /move_base/global_costmap/obstacle_layer/parameter_updates, /move_base/global_costmap/obstacle_layer/clearing_endpoints, /move_base/global_costmap/inflation_layer/parameter_descriptions, /move_base/global_costmap/inflation_layer/parameter_updates, /move_base/global_costmap/footprint, /move_base/global_costmap/costmap, /move_base/global_costmap/costmap_updates, /move_base/global_costmap/parameter_descriptions, /move_base/global_costmap/parameter_updates, /move_base/GlobalPlanner/plan, /move_base/GlobalPlanner/potential, /move_base/GlobalPlanner/parameter_descriptions, /move_base/GlobalPlanner/parameter_updates, /move_base/local_costmap/static_layer/parameter_descriptions, /move_base/local_costmap/static_layer/parameter_updates, /move_base/local_costmap/obstacle_layer/parameter_descriptions, /move_base/local_costmap/obstacle_layer/parameter_updates, /move_base/local_costmap/footprint, /move_base/local_costmap/costmap, /move_base/local_costmap/costmap_updates, /move_base/local_costmap/parameter_descriptions, /move_base/local_costmap/parameter_updates, /move_base/TebLocalPlannerROS/global_plan, /move_base/TebLocalPlannerROS/local_plan, /move_base/TebLocalPlannerROS/teb_poses, /move_base/TebLocalPlannerROS/teb_markers, /move_base/TebLocalPlannerROS/teb_feedback] Footprint model 'line' (line_start: [0,0]m, line_end: [0.4,0]m) loaded for trajectory optimization.
2.300000000 INFO [/tmp/binarydeb/ros-kinetic-teb-local-planner-0.6.14/src/teb_local_planner_ros.cpp:105(TebLocalPlannerROS::initialize) [topics: /rosout, /cmd_vel, /move_base/current_goal, /move_base/goal, /move_base/global_costmap/static_layer/parameter_descriptions, /move_base/global_costmap/static_layer/parameter_updates, /move_base/global_costmap/obstacle_layer/parameter_descriptions, /move_base/global_costmap/obstacle_layer/parameter_updates, /move_base/global_costmap/obstacle_layer/clearing_endpoints, /move_base/global_costmap/inflation_layer/parameter_descriptions, /move_base/global_costmap/inflation_layer/parameter_updates, /move_base/global_costmap/footprint, /move_base/global_costmap/costmap, /move_base/global_costmap/costmap_updates, /move_base/global_costmap/parameter_descriptions, /move_base/global_costmap/parameter_updates, /move_base/GlobalPlanner/plan, /move_base/GlobalPlanner/potential, /move_base/GlobalPlanner/parameter_descriptions, /move_base/GlobalPlanner/parameter_updates, /move_base/local_costmap/static_layer/parameter_descriptions, /move_base/local_costmap/static_layer/parameter_updates, /move_base/local_costmap/obstacle_layer/parameter_descriptions, /move_base/local_costmap/obstacle_layer/parameter_updates, /move_base/local_costmap/footprint, /move_base/local_costmap/costmap, /move_base/local_costmap/costmap_updates, /move_base/local_costmap/parameter_descriptions, /move_base/local_costmap/parameter_updates, /move_base/TebLocalPlannerROS/global_plan, /move_base/TebLocalPlannerROS/local_plan, /move_base/TebLocalPlannerROS/teb_poses, /move_base/TebLocalPlannerROS/teb_markers, /move_base/TebLocalPlannerROS/teb_feedback] Parallel planning in distinctive topologies enabled.
2.300000000 INFO [/tmp/binarydeb/ros-kinetic-teb-local-planner-0.6.14/src/teb_local_planner_ros.cpp:147(TebLocalPlannerROS::initialize) [topics: /rosout, /cmd_vel, /move_base/current_goal, /move_base/goal, /move_base/global_costmap/static_layer/parameter_descriptions, /move_base/global_costmap/static_layer/parameter_updates, /move_base/global_costmap/obstacle_layer/parameter_descriptions, /move_base/global_costmap/obstacle_layer/parameter_updates, /move_base/global_costmap/obstacle_layer/clearing_endpoints, /move_base/global_costmap/inflation_layer/parameter_descriptions, /move_base/global_costmap/inflation_layer/parameter_updates, /move_base/global_costmap/footprint, /move_base/global_costmap/costmap, /move_base/global_costmap/costmap_updates, /move_base/global_costmap/parameter_descriptions, /move_base/global_costmap/parameter_updates, /move_base/GlobalPlanner/plan, /move_base/GlobalPlanner/potential, /move_base/GlobalPlanner/parameter_descriptions, /move_base/GlobalPlanner/parameter_updates, /move_base/local_costmap/static_layer/parameter_descriptions, /move_base/local_costmap/static_layer/parameter_updates, /move_base/local_costmap/obstacle_layer/parameter_descriptions, /move_base/local_costmap/obstacle_layer/parameter_updates, /move_base/local_costmap/footprint, /move_base/local_costmap/costmap, /move_base/local_costmap/costmap_updates, /move_base/local_costmap/parameter_descriptions, /move_base/local_costmap/parameter_updates, /move_base/TebLocalPlannerROS/global_plan, /move_base/TebLocalPlannerROS/local_plan, /move_base/TebLocalPlannerROS/teb_poses, /move_base/TebLocalPlannerROS/teb_markers, /move_base/TebLocalPlannerROS/teb_feedback] No costmap conversion plugin specified. All occupied costmap cells are treaten as point obstacles.
2.700000000 INFO [/tmp/binarydeb/ros-kinetic-rviz-1.12.17/src/rviz/default_plugin/map_display.cpp:604(MapDisplay::createSwatches) [topics: /rosout, /initialpose, /move_base_simple/goal, /clicked_point] Creating 1 swatches
2.800000000 INFO [/tmp/binarydeb/ros-kinetic-rviz-1.12.17/src/rviz/default_plugin/map_display.cpp:604(MapDisplay::createSwatches) [topics: /rosout, /initialpose, /move_base_simple/goal, /clicked_point] Creating 1 swatches
3.000000000 INFO [/tmp/binarydeb/ros-kinetic-clear-costmap-recovery-1.14.8/src/clear_costmap_recovery.cpp:68(ClearCostmapRecovery::initialize) [topics: /rosout, /cmd_vel, /move_base/current_goal, /move_base/goal, /move_base/global_costmap/static_layer/parameter_descriptions, /move_base/global_costmap/static_layer/parameter_updates, /move_base/global_costmap/obstacle_layer/parameter_descriptions, /move_base/global_costmap/obstacle_layer/parameter_updates, /move_base/global_costmap/obstacle_layer/clearing_endpoints, /move_base/global_costmap/inflation_layer/parameter_descriptions, /move_base/global_costmap/inflation_layer/parameter_updates, /move_base/global_costmap/footprint, /move_base/global_costmap/costmap, /move_base/global_costmap/costmap_updates, /move_base/global_costmap/parameter_descriptions, /move_base/global_costmap/parameter_updates, /move_base/GlobalPlanner/plan, /move_base/GlobalPlanner/potential, /move_base/GlobalPlanner/parameter_descriptions, /move_base/GlobalPlanner/parameter_updates, /move_base/local_costmap/static_layer/parameter_descriptions, /move_base/local_costmap/static_layer/parameter_updates, /move_base/local_costmap/obstacle_layer/parameter_descriptions, /move_base/local_costmap/obstacle_layer/parameter_updates, /move_base/local_costmap/footprint, /move_base/local_costmap/costmap, /move_base/local_costmap/costmap_updates, /move_base/local_costmap/parameter_descriptions, /move_base/local_costmap/parameter_updates, /move_base/TebLocalPlannerROS/global_plan, /move_base/TebLocalPlannerROS/local_plan, /move_base/TebLocalPlannerROS/teb_poses, /move_base/TebLocalPlannerROS/teb_markers, /move_base/TebLocalPlannerROS/teb_feedback, /move_base/TebLocalPlannerROS/parameter_descriptions, /move_base/TebLocalPlannerROS/parameter_updates] Recovery behavior will clear layer obstacles
3.000000000 INFO [/tmp/binarydeb/ros-kinetic-clear-costmap-recovery-1.14.8/src/clear_costmap_recovery.cpp:68(ClearCostmapRecovery::initialize) [topics: /rosout, /cmd_vel, /move_base/current_goal, /move_base/goal, /move_base/global_costmap/static_layer/parameter_descriptions, /move_base/global_costmap/static_layer/parameter_updates, /move_base/global_costmap/obstacle_layer/parameter_descriptions, /move_base/global_costmap/obstacle_layer/parameter_updates, /move_base/global_costmap/obstacle_layer/clearing_endpoints, /move_base/global_costmap/inflation_layer/parameter_descriptions, /move_base/global_costmap/inflation_layer/parameter_updates, /move_base/global_costmap/footprint, /move_base/global_costmap/costmap, /move_base/global_costmap/costmap_updates, /move_base/global_costmap/parameter_descriptions, /move_base/global_costmap/parameter_updates, /move_base/GlobalPlanner/plan, /move_base/GlobalPlanner/potential, /move_base/GlobalPlanner/parameter_descriptions, /move_base/GlobalPlanner/parameter_updates, /move_base/local_costmap/static_layer/parameter_descriptions, /move_base/local_costmap/static_layer/parameter_updates, /move_base/local_costmap/obstacle_layer/parameter_descriptions, /move_base/local_costmap/obstacle_layer/parameter_updates, /move_base/local_costmap/footprint, /move_base/local_costmap/costmap, /move_base/local_costmap/costmap_updates, /move_base/local_costmap/parameter_descriptions, /move_base/local_costmap/parameter_updates, /move_base/TebLocalPlannerROS/global_plan, /move_base/TebLocalPlannerROS/local_plan, /move_base/TebLocalPlannerROS/teb_poses, /move_base/TebLocalPlannerROS/teb_markers, /move_base/TebLocalPlannerROS/teb_feedback, /move_base/TebLocalPlannerROS/parameter_descriptions, /move_base/TebLocalPlannerROS/parameter_updates] Recovery behavior will clear layer obstacles
3.100000000 INFO [/tmp/binarydeb/ros-kinetic-base-local-planner-1.14.8/src/odometry_helper_ros.cpp:46(OdometryHelperRos::odomCallback) [topics: /rosout, /cmd_vel, /move_base/current_goal, /move_base/goal, /move_base/global_costmap/static_layer/parameter_descriptions, /move_base/global_costmap/static_layer/parameter_updates, /move_base/global_costmap/obstacle_layer/parameter_descriptions, /move_base/global_costmap/obstacle_layer/parameter_updates, /move_base/global_costmap/obstacle_layer/clearing_endpoints, /move_base/global_costmap/inflation_layer/parameter_descriptions, /move_base/global_costmap/inflation_layer/parameter_updates, /move_base/global_costmap/footprint, /move_base/global_costmap/costmap, /move_base/global_costmap/costmap_updates, /move_base/global_costmap/parameter_descriptions, /move_base/global_costmap/parameter_updates, /move_base/GlobalPlanner/plan, /move_base/GlobalPlanner/potential, /move_base/GlobalPlanner/parameter_descriptions, /move_base/GlobalPlanner/parameter_updates, /move_base/local_costmap/static_layer/parameter_descriptions, /move_base/local_costmap/static_layer/parameter_updates, /move_base/local_costmap/obstacle_layer/parameter_descriptions, /move_base/local_costmap/obstacle_layer/parameter_updates, /move_base/local_costmap/footprint, /move_base/local_costmap/costmap, /move_base/local_costmap/costmap_updates, /move_base/local_costmap/parameter_descriptions, /move_base/local_costmap/parameter_updates, /move_base/TebLocalPlannerROS/global_plan, /move_base/TebLocalPlannerROS/local_plan, /move_base/TebLocalPlannerROS/teb_poses, /move_base/TebLocalPlannerROS/teb_markers, /move_base/TebLocalPlannerROS/teb_feedback, /move_base/TebLocalPlannerROS/parameter_descriptions, /move_base/TebLocalPlannerROS/parameter_updates, /move_base/result, /move_base/feedback, /move_base/status, /move_base/parameter_descriptions, /move_base/parameter_updates] odom received!
3.400000000 INFO [/home/zghera/Documents/AMP-v1/src/ti_comm/src/amp_serial_jetson.cpp:37(dummy_cmd_callback) [topics: /rosout] 0.399993 -0.129131
3.600000000 INFO [/home/zghera/Documents/AMP-v1/src/ti_comm/src/amp_serial_jetson.cpp:37(dummy_cmd_callback) [topics: /rosout] 0.395507 -0.058358
3.800000000 INFO [/home/zghera/Documents/AMP-v1/src/ti_comm/src/amp_serial_jetson.cpp:37(dummy_cmd_callback) [topics: /rosout] 0.400000 -0.162196
4.000000000 INFO [/home/zghera/Documents/AMP-v1/src/ti_comm/src/amp_serial_jetson.cpp:37(dummy_cmd_callback) [topics: /rosout] 0.400000 -0.200549
4.200000000 INFO [/home/zghera/Documents/AMP-v1/src/ti_comm/src/amp_serial_jetson.cpp:37(dummy_cmd_callback) [topics: /rosout] 0.281664 -0.402751
4.400000000 INFO [/home/zghera/Documents/AMP-v1/src/ti_comm/src/amp_serial_jetson.cpp:37(dummy_cmd_callback) [topics: /rosout] 0.400000 -0.201077
4.600000000 INFO [/home/zghera/Documents/AMP-v1/src/ti_comm/src/amp_serial_jetson.cpp:37(dummy_cmd_callback) [topics: /rosout] 0.400000 -0.198908
5.000000000 INFO [/home/zghera/Documents/AMP-v1/src/ti_comm/src/amp_serial_jetson.cpp:37(dummy_cmd_callback) [topics: /rosout] 0.221914 -0.259458
5.200000000 INFO [/home/zghera/Documents/AMP-v1/src/ti_comm/src/amp_serial_jetson.cpp:37(dummy_cmd_callback) [topics: /rosout] 0.367433 -0.215623
5.400000000 INFO [/home/zghera/Documents/AMP-v1/src/ti_comm/src/amp_serial_jetson.cpp:37(dummy_cmd_callback) [topics: /rosout] 0.378678 0.025144
5.600000000 INFO [/home/zghera/Documents/AMP-v1/src/ti_comm/src/amp_serial_jetson.cpp:37(dummy_cmd_callback) [topics: /rosout] 0.385328 0.153559
5.800000000 INFO [/home/zghera/Documents/AMP-v1/src/ti_comm/src/amp_serial_jetson.cpp:37(dummy_cmd_callback) [topics: /rosout] 0.243422 0.458009
6.000000000 INFO [/home/zghera/Documents/AMP-v1/src/ti_comm/src/amp_serial_jetson.cpp:37(dummy_cmd_callback) [topics: /rosout] 0.204615 0.530410
6.200000000 INFO [/home/zghera/Documents/AMP-v1/src/ti_comm/src/amp_serial_jetson.cpp:37(dummy_cmd_callback) [topics: /rosout] 0.202096 0.535832
6.400000000 INFO [/home/zghera/Documents/AMP-v1/src/ti_comm/src/amp_serial_jetson.cpp:37(dummy_cmd_callback) [topics: /rosout] 0.213916 0.511225
6.600000000 INFO [/home/zghera/Documents/AMP-v1/src/ti_comm/src/amp_serial_jetson.cpp:37(dummy_cmd_callback) [topics: /rosout] 0.229456 0.481859
7.000000000 INFO [/home/zghera/Documents/AMP-v1/src/ti_comm/src/amp_serial_jetson.cpp:37(dummy_cmd_callback) [topics: /rosout] 0.133544 0.544661
7.200000000 INFO [/home/zghera/Documents/AMP-v1/src/ti_comm/src/amp_serial_jetson.cpp:37(dummy_cmd_callback) [topics: /rosout] 0.221624 0.496260
7.400000000 INFO [/home/zghera/Documents/AMP-v1/src/ti_comm/src/amp_serial_jetson.cpp:37(dummy_cmd_callback) [topics: /rosout] 0.331985 0.346849
7.600000000 INFO [/home/zghera/Documents/AMP-v1/src/ti_comm/src/amp_serial_jetson.cpp:37(dummy_cmd_callback) [topics: /rosout] 0.336172 0.342862
7.800000000 INFO [/home/zghera/Documents/AMP-v1/src/ti_comm/src/amp_serial_jetson.cpp:37(dummy_cmd_callback) [topics: /rosout] 0.357232 0.324073
8.000000000 INFO [/home/zghera/Documents/AMP-v1/src/ti_comm/src/amp_serial_jetson.cpp:37(dummy_cmd_callback) [topics: /rosout] 0.360683 0.321183
8.200000000 INFO [/home/zghera/Documents/AMP-v1/src/ti_comm/src/amp_serial_jetson.cpp:37(dummy_cmd_callback) [topics: /rosout] 0.360132 0.321641
8.400000000 INFO [/home/zghera/Documents/AMP-v1/src/ti_comm/src/amp_serial_jetson.cpp:37(dummy_cmd_callback) [topics: /rosout] 0.400000 0.283990
8.600000000 INFO [/home/zghera/Documents/AMP-v1/src/ti_comm/src/amp_serial_jetson.cpp:37(dummy_cmd_callback) [topics: /rosout] 0.400000 0.271273
8.800000000 INFO [/home/zghera/Documents/AMP-v1/src/ti_comm/src/amp_serial_jetson.cpp:37(dummy_cmd_callback) [topics: /rosout] 0.400000 0.262269
9.200000000 INFO [/home/zghera/Documents/AMP-v1/src/ti_comm/src/amp_serial_jetson.cpp:37(dummy_cmd_callback) [topics: /rosout] 0.233803 0.257663
9.400000000 INFO [/home/zghera/Documents/AMP-v1/src/ti_comm/src/amp_serial_jetson.cpp:37(dummy_cmd_callback) [topics: /rosout] 0.382283 0.034450
9.600000000 INFO [/home/zghera/Documents/AMP-v1/src/ti_comm/src/amp_serial_jetson.cpp:37(dummy_cmd_callback) [topics: /rosout] 0.400000 -0.082544
9.800000000 INFO [/home/zghera/Documents/AMP-v1/src/ti_comm/src/amp_serial_jetson.cpp:37(dummy_cmd_callback) [topics: /rosout] 0.400000 -0.107400
10.000000000 INFO [/home/zghera/Documents/AMP-v1/src/ti_comm/src/amp_serial_jetson.cpp:37(dummy_cmd_callback) [topics: /rosout] 0.400000 -0.199835
10.200000000 INFO [/home/zghera/Documents/AMP-v1/src/ti_comm/src/amp_serial_jetson.cpp:37(dummy_cmd_callback) [topics: /rosout] 0.400000 -0.198817
10.400000000 INFO [/home/zghera/Documents/AMP-v1/src/ti_comm/src/amp_serial_jetson.cpp:37(dummy_cmd_callback) [topics: /rosout] 0.400000 -0.270477
10.600000000 INFO [/home/zghera/Documents/AMP-v1/src/ti_comm/src/amp_serial_jetson.cpp:37(dummy_cmd_callback) [topics: /rosout] 0.400000 -0.250603
10.800000000 INFO [/home/zghera/Documents/AMP-v1/src/ti_comm/src/amp_serial_jetson.cpp:37(dummy_cmd_callback) [topics: /rosout] 0.400000 -0.240129
11.200000000 INFO [/home/zghera/Documents/AMP-v1/src/ti_comm/src/amp_serial_jetson.cpp:37(dummy_cmd_callback) [topics: /rosout] 0.228897 -0.261539
11.400000000 INFO [/home/zghera/Documents/AMP-v1/src/ti_comm/src/amp_serial_jetson.cpp:37(dummy_cmd_callback) [topics: /rosout] 0.377082 -0.213436
11.600000000 INFO [/home/zghera/Documents/AMP-v1/src/ti_comm/src/amp_serial_jetson.cpp:37(dummy_cmd_callback) [topics: /rosout] 0.400000 -0.200403
11.800000000 INFO [/home/zghera/Documents/AMP-v1/src/ti_comm/src/amp_serial_jetson.cpp:37(dummy_cmd_callback) [topics: /rosout] 0.400000 -0.198883
12.200000000 INFO [/home/zghera/Documents/AMP-v1/src/ti_comm/src/amp_serial_jetson.cpp:37(dummy_cmd_callback) [topics: /rosout] 0.238486 -0.256902
12.400000000 INFO [/home/zghera/Documents/AMP-v1/src/ti_comm/src/amp_serial_jetson.cpp:37(dummy_cmd_callback) [topics: /rosout] 0.377989 -0.046593
12.600000000 INFO [/home/zghera/Documents/AMP-v1/src/ti_comm/src/amp_serial_jetson.cpp:37(dummy_cmd_callback) [topics: /rosout] 0.400000 0.061902
12.800000000 INFO [/home/zghera/Documents/AMP-v1/src/ti_comm/src/amp_serial_jetson.cpp:37(dummy_cmd_callback) [topics: /rosout] 0.400000 0.169694
13.000000000 INFO [/home/zghera/Documents/AMP-v1/src/ti_comm/src/amp_serial_jetson.cpp:37(dummy_cmd_callback) [topics: /rosout] 0.400000 0.209163
13.200000000 INFO [/home/zghera/Documents/AMP-v1/src/ti_comm/src/amp_serial_jetson.cpp:37(dummy_cmd_callback) [topics: /rosout] 0.400000 0.206036
13.400000000 INFO [/home/zghera/Documents/AMP-v1/src/ti_comm/src/amp_serial_jetson.cpp:37(dummy_cmd_callback) [topics: /rosout] 0.400000 0.218339
13.600000000 INFO [/home/zghera/Documents/AMP-v1/src/ti_comm/src/amp_serial_jetson.cpp:37(dummy_cmd_callback) [topics: /rosout] 0.400000 0.207222
13.800000000 INFO [/home/zghera/Documents/AMP-v1/src/ti_comm/src/amp_serial_jetson.cpp:37(dummy_cmd_callback) [topics: /rosout] 0.400000 0.203835
14.000000000 INFO [/home/zghera/Documents/AMP-v1/src/ti_comm/src/amp_serial_jetson.cpp:37(dummy_cmd_callback) [topics: /rosout] 0.400000 0.218374
14.200000000 INFO [/home/zghera/Documents/AMP-v1/src/ti_comm/src/amp_serial_jetson.cpp:37(dummy_cmd_callback) [topics: /rosout] 0.400000 0.210424
14.600000000 INFO [/home/zghera/Documents/AMP-v1/src/ti_comm/src/amp_serial_jetson.cpp:37(dummy_cmd_callback) [topics: /rosout] 0.215801 0.261201
14.800000000 INFO [/home/zghera/Documents/AMP-v1/src/ti_comm/src/amp_serial_jetson.cpp:37(dummy_cmd_callback) [topics: /rosout] 0.363494 0.220926
15.000000000 INFO [/home/zghera/Documents/AMP-v1/src/ti_comm/src/amp_serial_jetson.cpp:37(dummy_cmd_callback) [topics: /rosout] 0.400000 0.203330
15.200000000 INFO [/home/zghera/Documents/AMP-v1/src/ti_comm/src/amp_serial_jetson.cpp:37(dummy_cmd_callback) [topics: /rosout] 0.400000 0.200300
15.600000000 INFO [/home/zghera/Documents/AMP-v1/src/ti_comm/src/amp_serial_jetson.cpp:37(dummy_cmd_callback) [topics: /rosout] 0.225603 0.262964
15.800000000 INFO [/home/zghera/Documents/AMP-v1/src/ti_comm/src/amp_serial_jetson.cpp:37(dummy_cmd_callback) [topics: /rosout] 0.370543 0.222283
16.000000000 INFO [/home/zghera/Documents/AMP-v1/src/ti_comm/src/amp_serial_jetson.cpp:37(dummy_cmd_callback) [topics: /rosout] 0.400000 0.253096
16.200000000 INFO [/home/zghera/Documents/AMP-v1/src/ti_comm/src/amp_serial_jetson.cpp:37(dummy_cmd_callback) [topics: /rosout] 0.400000 0.248166
16.400000000 INFO [/home/zghera/Documents/AMP-v1/src/ti_comm/src/amp_serial_jetson.cpp:37(dummy_cmd_callback) [topics: /rosout] 0.400000 0.241632
16.600000000 INFO [/home/zghera/Documents/AMP-v1/src/ti_comm/src/amp_serial_jetson.cpp:37(dummy_cmd_callback) [topics: /rosout] 0.343031 0.336517
16.800000000 INFO [/home/zghera/Documents/AMP-v1/src/ti_comm/src/amp_serial_jetson.cpp:37(dummy_cmd_callback) [topics: /rosout] 0.336253 0.342786
17.000000000 INFO [/home/zghera/Documents/AMP-v1/src/ti_comm/src/amp_serial_jetson.cpp:37(dummy_cmd_callback) [topics: /rosout] 0.355773 0.325311
17.200000000 INFO [/home/zghera/Documents/AMP-v1/src/ti_comm/src/amp_serial_jetson.cpp:37(dummy_cmd_callback) [topics: /rosout] 0.359570 0.322110
17.400000000 INFO [/home/zghera/Documents/AMP-v1/src/ti_comm/src/amp_serial_jetson.cpp:37(dummy_cmd_callback) [topics: /rosout] 0.361027 0.320897
17.800000000 INFO [/home/zghera/Documents/AMP-v1/src/ti_comm/src/amp_serial_jetson.cpp:37(dummy_cmd_callback) [topics: /rosout] 0.171064 0.324338
18.000000000 INFO [/home/zghera/Documents/AMP-v1/src/ti_comm/src/amp_serial_jetson.cpp:37(dummy_cmd_callback) [topics: /rosout] 0.320028 0.302448
18.200000000 INFO [/home/zghera/Documents/AMP-v1/src/ti_comm/src/amp_serial_jetson.cpp:37(dummy_cmd_callback) [topics: /rosout] 0.400000 0.251660
18.400000000 INFO [/home/zghera/Documents/AMP-v1/src/ti_comm/src/amp_serial_jetson.cpp:37(dummy_cmd_callback) [topics: /rosout] 0.400000 0.240588
18.800000000 INFO [/home/zghera/Documents/AMP-v1/src/ti_comm/src/amp_serial_jetson.cpp:37(dummy_cmd_callback) [topics: /rosout] 0.216413 0.261100
19.000000000 INFO [/home/zghera/Documents/AMP-v1/src/ti_comm/src/amp_serial_jetson.cpp:37(dummy_cmd_callback) [topics: /rosout] 0.360574 0.219170
19.200000000 INFO [/home/zghera/Documents/AMP-v1/src/ti_comm/src/amp_serial_jetson.cpp:37(dummy_cmd_callback) [topics: /rosout] 0.400000 0.184809
19.400000000 INFO [/home/zghera/Documents/AMP-v1/src/ti_comm/src/amp_serial_jetson.cpp:37(dummy_cmd_callback) [topics: /rosout] 0.400000 0.091054
19.800000000 INFO [/home/zghera/Documents/AMP-v1/src/ti_comm/src/amp_serial_jetson.cpp:37(dummy_cmd_callback) [topics: /rosout] 0.216266 -0.044249
20.200000000 INFO [/home/zghera/Documents/AMP-v1/src/ti_comm/src/amp_serial_jetson.cpp:37(dummy_cmd_callback) [topics: /rosout] 0.209882 -0.260476
20.400000000 INFO [/home/zghera/Documents/AMP-v1/src/ti_comm/src/amp_serial_jetson.cpp:37(dummy_cmd_callback) [topics: /rosout] 0.352615 -0.223940
20.600000000 INFO [/home/zghera/Documents/AMP-v1/src/ti_comm/src/amp_serial_jetson.cpp:37(dummy_cmd_callback) [topics: /rosout] 0.400000 -0.199687
20.800000000 INFO [/home/zghera/Documents/AMP-v1/src/ti_comm/src/amp_serial_jetson.cpp:37(dummy_cmd_callback) [topics: /rosout] 0.400000 -0.198474
21.000000000 INFO [/home/zghera/Documents/AMP-v1/src/ti_comm/src/amp_serial_jetson.cpp:37(dummy_cmd_callback) [topics: /rosout] 0.400000 -0.197842
21.200000000 INFO [/home/zghera/Documents/AMP-v1/src/ti_comm/src/amp_serial_jetson.cpp:37(dummy_cmd_callback) [topics: /rosout] 0.400000 -0.237125
21.400000000 INFO [/home/zghera/Documents/AMP-v1/src/ti_comm/src/amp_serial_jetson.cpp:37(dummy_cmd_callback) [topics: /rosout] 0.400000 -0.239626
21.600000000 INFO [/home/zghera/Documents/AMP-v1/src/ti_comm/src/amp_serial_jetson.cpp:37(dummy_cmd_callback) [topics: /rosout] 0.379062 -0.306589
21.800000000 INFO [/home/zghera/Documents/AMP-v1/src/ti_comm/src/amp_serial_jetson.cpp:37(dummy_cmd_callback) [topics: /rosout] 0.362940 -0.319318
22.000000000 INFO [/home/zghera/Documents/AMP-v1/src/ti_comm/src/amp_serial_jetson.cpp:37(dummy_cmd_callback) [topics: /rosout] 0.365091 -0.317561
22.200000000 INFO [/home/zghera/Documents/AMP-v1/src/ti_comm/src/amp_serial_jetson.cpp:37(dummy_cmd_callback) [topics: /rosout] 0.400000 -0.249767
22.400000000 INFO [/home/zghera/Documents/AMP-v1/src/ti_comm/src/amp_serial_jetson.cpp:37(dummy_cmd_callback) [topics: /rosout] 0.400000 -0.233926
22.600000000 INFO [/home/zghera/Documents/AMP-v1/src/ti_comm/src/amp_serial_jetson.cpp:37(dummy_cmd_callback) [topics: /rosout] 0.400000 -0.176118
22.800000000 INFO [/home/zghera/Documents/AMP-v1/src/ti_comm/src/amp_serial_jetson.cpp:37(dummy_cmd_callback) [topics: /rosout] 0.400000 -0.092494
23.000000000 INFO [/home/zghera/Documents/AMP-v1/src/ti_comm/src/amp_serial_jetson.cpp:37(dummy_cmd_callback) [topics: /rosout] 0.400000 0.023811
23.200000000 INFO [/home/zghera/Documents/AMP-v1/src/ti_comm/src/amp_serial_jetson.cpp:37(dummy_cmd_callback) [topics: /rosout] 0.131289 0.699893
23.400000000 INFO [/home/zghera/Documents/AMP-v1/src/ti_comm/src/amp_serial_jetson.cpp:37(dummy_cmd_callback) [topics: /rosout] 0.099018 0.699893
23.800000000 INFO [/home/zghera/Documents/AMP-v1/src/ti_comm/src/amp_serial_jetson.cpp:37(dummy_cmd_callback) [topics: /rosout] 0.051726 0.699893
24.000000000 INFO [/home/zghera/Documents/AMP-v1/src/ti_comm/src/amp_serial_jetson.cpp:37(dummy_cmd_callback) [topics: /rosout] 0.062552 0.699893
24.200000000 INFO [/home/zghera/Documents/AMP-v1/src/ti_comm/src/amp_serial_jetson.cpp:37(dummy_cmd_callback) [topics: /rosout] 0.078894 0.699893
24.400000000 INFO [/home/zghera/Documents/AMP-v1/src/ti_comm/src/amp_serial_jetson.cpp:37(dummy_cmd_callback) [topics: /rosout] 0.082304 0.699893
24.600000000 INFO [/home/zghera/Documents/AMP-v1/src/ti_comm/src/amp_serial_jetson.cpp:37(dummy_cmd_callback) [topics: /rosout] 0.095281 0.699893
24.800000000 INFO [/home/zghera/Documents/AMP-v1/src/ti_comm/src/amp_serial_jetson.cpp:37(dummy_cmd_callback) [topics: /rosout] 0.099264 0.699893
25.000000000 INFO [/home/zghera/Documents/AMP-v1/src/ti_comm/src/amp_serial_jetson.cpp:37(dummy_cmd_callback) [topics: /rosout] 0.101313 0.699893
25.200000000 INFO [/home/zghera/Documents/AMP-v1/src/ti_comm/src/amp_serial_jetson.cpp:37(dummy_cmd_callback) [topics: /rosout] 0.123918 0.699893
25.400000000 INFO [/home/zghera/Documents/AMP-v1/src/ti_comm/src/amp_serial_jetson.cpp:37(dummy_cmd_callback) [topics: /rosout] 0.135082 0.699893
25.600000000 INFO [/home/zghera/Documents/AMP-v1/src/ti_comm/src/amp_serial_jetson.cpp:37(dummy_cmd_callback) [topics: /rosout] 0.143881 0.695145
25.800000000 INFO [/home/zghera/Documents/AMP-v1/src/ti_comm/src/amp_serial_jetson.cpp:37(dummy_cmd_callback) [topics: /rosout] 0.288977 0.157500
26.000000000 INFO [/home/zghera/Documents/AMP-v1/src/ti_comm/src/amp_serial_jetson.cpp:37(dummy_cmd_callback) [topics: /rosout] 0.400000 0.008182
26.200000000 INFO [/home/zghera/Documents/AMP-v1/src/ti_comm/src/amp_serial_jetson.cpp:37(dummy_cmd_callback) [topics: /rosout] 0.400000 0.117345
26.400000000 INFO [/home/zghera/Documents/AMP-v1/src/ti_comm/src/amp_serial_jetson.cpp:37(dummy_cmd_callback) [topics: /rosout] 0.400000 0.086492
26.600000000 INFO [/home/zghera/Documents/AMP-v1/src/ti_comm/src/amp_serial_jetson.cpp:37(dummy_cmd_callback) [topics: /rosout] 0.400000 -0.025431
27.000000000 INFO [/home/zghera/Documents/AMP-v1/src/ti_comm/src/amp_serial_jetson.cpp:37(dummy_cmd_callback) [topics: /rosout] 0.208239 0.261038
27.200000000 INFO [/home/zghera/Documents/AMP-v1/src/ti_comm/src/amp_serial_jetson.cpp:37(dummy_cmd_callback) [topics: /rosout] 0.351522 0.277130
27.400000000 INFO [/home/zghera/Documents/AMP-v1/src/ti_comm/src/amp_serial_jetson.cpp:37(dummy_cmd_callback) [topics: /rosout] 0.393027 0.283201
27.600000000 INFO [/home/zghera/Documents/AMP-v1/src/ti_comm/src/amp_serial_jetson.cpp:37(dummy_cmd_callback) [topics: /rosout] 0.397534 0.275254
28.000000000 INFO [/home/zghera/Documents/AMP-v1/src/ti_comm/src/amp_serial_jetson.cpp:37(dummy_cmd_callback) [topics: /rosout] 0.181631 0.436426
28.400000000 INFO [/home/zghera/Documents/AMP-v1/src/ti_comm/src/amp_serial_jetson.cpp:37(dummy_cmd_callback) [topics: /rosout] 0.190285 0.413640
28.600000000 INFO [/home/zghera/Documents/AMP-v1/src/ti_comm/src/amp_serial_jetson.cpp:37(dummy_cmd_callback) [topics: /rosout] 0.332731 0.346133
29.000000000 INFO [/home/zghera/Documents/AMP-v1/src/ti_comm/src/amp_serial_jetson.cpp:37(dummy_cmd_callback) [topics: /rosout] 0.103418 0.620411
29.400000000 INFO [/home/zghera/Documents/AMP-v1/src/ti_comm/src/amp_serial_jetson.cpp:37(dummy_cmd_callback) [topics: /rosout] 0.129288 0.512387
29.600000000 INFO [/home/zghera/Documents/AMP-v1/src/ti_comm/src/amp_serial_jetson.cpp:37(dummy_cmd_callback) [topics: /rosout] 0.220872 0.468662
30.000000000 INFO [/home/zghera/Documents/AMP-v1/src/ti_comm/src/amp_serial_jetson.cpp:37(dummy_cmd_callback) [topics: /rosout] 0.137583 0.490269
30.200000000 INFO [/home/zghera/Documents/AMP-v1/src/ti_comm/src/amp_serial_jetson.cpp:37(dummy_cmd_callback) [topics: /rosout] 0.227831 0.459420
30.400000000 INFO [/home/zghera/Documents/AMP-v1/src/ti_comm/src/amp_serial_jetson.cpp:37(dummy_cmd_callback) [topics: /rosout] 0.335772 0.343239
30.600000000 INFO [/home/zghera/Documents/AMP-v1/src/ti_comm/src/amp_serial_jetson.cpp:37(dummy_cmd_callback) [topics: /rosout] 0.341592 0.337829
30.800000000 INFO [/home/zghera/Documents/AMP-v1/src/ti_comm/src/amp_serial_jetson.cpp:37(dummy_cmd_callback) [topics: /rosout] 0.355474 0.325566
31.000000000 INFO [/home/zghera/Documents/AMP-v1/src/ti_comm/src/amp_serial_jetson.cpp:37(dummy_cmd_callback) [topics: /rosout] 0.363505 0.318855
31.200000000 INFO [/home/zghera/Documents/AMP-v1/src/ti_comm/src/amp_serial_jetson.cpp:37(dummy_cmd_callback) [topics: /rosout] 0.400000 0.228275
31.400000000 INFO [/home/zghera/Documents/AMP-v1/src/ti_comm/src/amp_serial_jetson.cpp:37(dummy_cmd_callback) [topics: /rosout] 0.400000 0.212758
31.600000000 INFO [/home/zghera/Documents/AMP-v1/src/ti_comm/src/amp_serial_jetson.cpp:37(dummy_cmd_callback) [topics: /rosout] 0.400000 0.207878
32.000000000 INFO [/home/zghera/Documents/AMP-v1/src/ti_comm/src/amp_serial_jetson.cpp:37(dummy_cmd_callback) [topics: /rosout] 0.212715 0.159788
32.200000000 INFO [/home/zghera/Documents/AMP-v1/src/ti_comm/src/amp_serial_jetson.cpp:37(dummy_cmd_callback) [topics: /rosout] 0.362233 0.151621
32.400000000 INFO [/home/zghera/Documents/AMP-v1/src/ti_comm/src/amp_serial_jetson.cpp:37(dummy_cmd_callback) [topics: /rosout] 0.400000 0.023449
32.600000000 INFO [/home/zghera/Documents/AMP-v1/src/ti_comm/src/amp_serial_jetson.cpp:37(dummy_cmd_callback) [topics: /rosout] 0.400000 -0.088254
33.000000000 INFO [/home/zghera/Documents/AMP-v1/src/ti_comm/src/amp_serial_jetson.cpp:37(dummy_cmd_callback) [topics: /rosout] 0.225625 -0.262240
33.200000000 INFO [/home/zghera/Documents/AMP-v1/src/ti_comm/src/amp_serial_jetson.cpp:37(dummy_cmd_callback) [topics: /rosout] 0.370455 -0.219944
33.600000000 INFO [/home/zghera/Documents/AMP-v1/src/ti_comm/src/amp_serial_jetson.cpp:37(dummy_cmd_callback) [topics: /rosout] 0.230573 -0.288022
34.000000000 INFO [/home/zghera/Documents/AMP-v1/src/ti_comm/src/amp_serial_jetson.cpp:37(dummy_cmd_callback) [topics: /rosout] 0.206887 -0.345691
34.200000000 INFO [/home/zghera/Documents/AMP-v1/src/ti_comm/src/amp_serial_jetson.cpp:37(dummy_cmd_callback) [topics: /rosout] 0.357876 -0.323530
34.400000000 INFO [/home/zghera/Documents/AMP-v1/src/ti_comm/src/amp_serial_jetson.cpp:37(dummy_cmd_callback) [topics: /rosout] 0.377726 -0.307607
34.600000000 INFO [/home/zghera/Documents/AMP-v1/src/ti_comm/src/amp_serial_jetson.cpp:37(dummy_cmd_callback) [topics: /rosout] 0.383094 -0.303558
34.800000000 INFO [/home/zghera/Documents/AMP-v1/src/ti_comm/src/amp_serial_jetson.cpp:37(dummy_cmd_callback) [topics: /rosout] 0.359488 -0.322178
35.000000000 INFO [/home/zghera/Documents/AMP-v1/src/ti_comm/src/amp_serial_jetson.cpp:37(dummy_cmd_callback) [topics: /rosout] 0.363296 -0.319027
35.200000000 INFO [/home/zghera/Documents/AMP-v1/src/ti_comm/src/amp_serial_jetson.cpp:37(dummy_cmd_callback) [topics: /rosout] 0.362996 -0.319272
35.600000000 INFO [/home/zghera/Documents/AMP-v1/src/ti_comm/src/amp_serial_jetson.cpp:37(dummy_cmd_callback) [topics: /rosout] 0.200754 -0.326464
35.800000000 INFO [/home/zghera/Documents/AMP-v1/src/ti_comm/src/amp_serial_jetson.cpp:37(dummy_cmd_callback) [topics: /rosout] 0.346239 -0.286853
36.000000000 INFO [/home/zghera/Documents/AMP-v1/src/ti_comm/src/amp_serial_jetson.cpp:37(dummy_cmd_callback) [topics: /rosout] 0.400000 -0.250316
36.200000000 INFO [/home/zghera/Documents/AMP-v1/src/ti_comm/src/amp_serial_jetson.cpp:37(dummy_cmd_callback) [topics: /rosout] 0.400000 -0.239661
36.600000000 INFO [/home/zghera/Documents/AMP-v1/src/ti_comm/src/amp_serial_jetson.cpp:37(dummy_cmd_callback) [topics: /rosout] 0.221558 -0.259290
37.000000000 INFO [/home/zghera/Documents/AMP-v1/src/ti_comm/src/amp_serial_jetson.cpp:37(dummy_cmd_callback) [topics: /rosout] 0.209874 0.008883
37.200000000 INFO [/home/zghera/Documents/AMP-v1/src/ti_comm/src/amp_serial_jetson.cpp:37(dummy_cmd_callback) [topics: /rosout] 0.359214 0.002579
37.600000000 INFO [/home/zghera/Documents/AMP-v1/src/ti_comm/src/amp_serial_jetson.cpp:37(dummy_cmd_callback) [topics: /rosout] 0.209909 0.260370
38.000000000 INFO [/home/zghera/Documents/AMP-v1/src/ti_comm/src/amp_serial_jetson.cpp:37(dummy_cmd_callback) [topics: /rosout] 0.221091 0.259565
38.200000000 INFO [/home/zghera/Documents/AMP-v1/src/ti_comm/src/amp_serial_jetson.cpp:37(dummy_cmd_callback) [topics: /rosout] 0.365949 0.216528
38.400000000 INFO [/home/zghera/Documents/AMP-v1/src/ti_comm/src/amp_serial_jetson.cpp:37(dummy_cmd_callback) [topics: /rosout] 0.400000 0.201974
38.600000000 INFO [/home/zghera/Documents/AMP-v1/src/ti_comm/src/amp_serial_jetson.cpp:37(dummy_cmd_callback) [topics: /rosout] 0.400000 0.200032
38.800000000 INFO [/home/zghera/Documents/AMP-v1/src/ti_comm/src/amp_serial_jetson.cpp:37(dummy_cmd_callback) [topics: /rosout] 0.400000 0.198214
39.000000000 INFO [/home/zghera/Documents/AMP-v1/src/ti_comm/src/amp_serial_jetson.cpp:37(dummy_cmd_callback) [topics: /rosout] 0.399968 0.291479
39.200000000 INFO [/home/zghera/Documents/AMP-v1/src/ti_comm/src/amp_serial_jetson.cpp:37(dummy_cmd_callback) [topics: /rosout] 0.379787 0.306040
39.400000000 INFO [/home/zghera/Documents/AMP-v1/src/ti_comm/src/amp_serial_jetson.cpp:37(dummy_cmd_callback) [topics: /rosout] 0.178645 0.591494
39.600000000 INFO [/home/zghera/Documents/AMP-v1/src/ti_comm/src/amp_serial_jetson.cpp:37(dummy_cmd_callback) [topics: /rosout] 0.070273 0.699893
39.800000000 INFO [/home/zghera/Documents/AMP-v1/src/ti_comm/src/amp_serial_jetson.cpp:37(dummy_cmd_callback) [topics: /rosout] -0.123380 -0.682497
40.000000000 INFO [/home/zghera/Documents/AMP-v1/src/ti_comm/src/amp_serial_jetson.cpp:37(dummy_cmd_callback) [topics: /rosout] -0.180972 -0.557458
40.200000000 INFO [/home/zghera/Documents/AMP-v1/src/ti_comm/src/amp_serial_jetson.cpp:37(dummy_cmd_callback) [topics: /rosout] -0.176537 -0.597001
40.400000000 INFO [/home/zghera/Documents/AMP-v1/src/ti_comm/src/amp_serial_jetson.cpp:37(dummy_cmd_callback) [topics: /rosout] -0.052460 -0.699893
40.600000000 INFO [/home/zghera/Documents/AMP-v1/src/ti_comm/src/amp_serial_jetson.cpp:37(dummy_cmd_callback) [topics: /rosout] 0.167758 0.446238
40.800000000 INFO [/home/zghera/Documents/AMP-v1/src/ti_comm/src/amp_serial_jetson.cpp:37(dummy_cmd_callback) [topics: /rosout] 0.304024 0.258020
41.000000000 INFO [/home/zghera/Documents/AMP-v1/src/ti_comm/src/amp_serial_jetson.cpp:37(dummy_cmd_callback) [topics: /rosout] 0.400000 0.198188
41.200000000 INFO [/home/zghera/Documents/AMP-v1/src/ti_comm/src/amp_serial_jetson.cpp:37(dummy_cmd_callback) [topics: /rosout] 0.400000 0.187147
41.600000000 INFO [/home/zghera/Documents/AMP-v1/src/ti_comm/src/amp_serial_jetson.cpp:37(dummy_cmd_callback) [topics: /rosout] 0.205960 -0.110805
41.800000000 INFO [/home/zghera/Documents/AMP-v1/src/ti_comm/src/amp_serial_jetson.cpp:37(dummy_cmd_callback) [topics: /rosout] 0.351367 -0.180206
42.200000000 INFO [/home/zghera/Documents/AMP-v1/src/ti_comm/src/amp_serial_jetson.cpp:37(dummy_cmd_callback) [topics: /rosout] 0.206943 0.264524
42.600000000 INFO [/home/zghera/Documents/AMP-v1/src/ti_comm/src/amp_serial_jetson.cpp:37(dummy_cmd_callback) [topics: /rosout] 0.208919 0.262043
42.800000000 INFO [/home/zghera/Documents/AMP-v1/src/ti_comm/src/amp_serial_jetson.cpp:37(dummy_cmd_callback) [topics: /rosout] 0.348503 0.229705
43.200000000 INFO [/home/zghera/Documents/AMP-v1/src/ti_comm/src/amp_serial_jetson.cpp:37(dummy_cmd_callback) [topics: /rosout] 0.061139 0.699893
43.600000000 INFO [/home/zghera/Documents/AMP-v1/src/ti_comm/src/amp_serial_jetson.cpp:37(dummy_cmd_callback) [topics: /rosout] 0.213018 0.268209
43.800000000 INFO [/home/zghera/Documents/AMP-v1/src/ti_comm/src/amp_serial_jetson.cpp:37(dummy_cmd_callback) [topics: /rosout] 0.353459 0.249826
44.000000000 INFO [/home/zghera/Documents/AMP-v1/src/ti_comm/src/amp_serial_jetson.cpp:37(dummy_cmd_callback) [topics: /rosout] 0.400000 0.235447
44.200000000 INFO [/home/zghera/Documents/AMP-v1/src/ti_comm/src/amp_serial_jetson.cpp:37(dummy_cmd_callback) [topics: /rosout] 0.400000 0.228051
44.400000000 INFO [/home/zghera/Documents/AMP-v1/src/ti_comm/src/amp_serial_jetson.cpp:37(dummy_cmd_callback) [topics: /rosout] 0.400000 0.291457
44.600000000 INFO [/home/zghera/Documents/AMP-v1/src/ti_comm/src/amp_serial_jetson.cpp:37(dummy_cmd_callback) [topics: /rosout] 0.400000 0.200614
44.800000000 INFO [/home/zghera/Documents/AMP-v1/src/ti_comm/src/amp_serial_jetson.cpp:37(dummy_cmd_callback) [topics: /rosout] 0.400000 0.198681
45.000000000 INFO [/home/zghera/Documents/AMP-v1/src/ti_comm/src/amp_serial_jetson.cpp:37(dummy_cmd_callback) [topics: /rosout] 0.134598 0.699893
45.200000000 INFO [/home/zghera/Documents/AMP-v1/src/ti_comm/src/amp_serial_jetson.cpp:37(dummy_cmd_callback) [topics: /rosout] -0.128557 -0.699893
45.400000000 INFO [/home/zghera/Documents/AMP-v1/src/ti_comm/src/amp_serial_jetson.cpp:37(dummy_cmd_callback) [topics: /rosout] -0.200000 -0.529271
45.600000000 INFO [/home/zghera/Documents/AMP-v1/src/ti_comm/src/amp_serial_jetson.cpp:37(dummy_cmd_callback) [topics: /rosout] -0.193038 -0.556180
45.800000000 INFO [/home/zghera/Documents/AMP-v1/src/ti_comm/src/amp_serial_jetson.cpp:37(dummy_cmd_callback) [topics: /rosout] -0.188530 -0.566829
46.000000000 INFO [/home/zghera/Documents/AMP-v1/src/ti_comm/src/amp_serial_jetson.cpp:37(dummy_cmd_callback) [topics: /rosout] 0.093716 0.699893
46.200000000 INFO [/home/zghera/Documents/AMP-v1/src/ti_comm/src/amp_serial_jetson.cpp:37(dummy_cmd_callback) [topics: /rosout] 0.230547 0.446839
46.400000000 INFO [/home/zghera/Documents/AMP-v1/src/ti_comm/src/amp_serial_jetson.cpp:37(dummy_cmd_callback) [topics: /rosout] 0.349880 0.330403
46.800000000 INFO [/home/zghera/Documents/AMP-v1/src/ti_comm/src/amp_serial_jetson.cpp:37(dummy_cmd_callback) [topics: /rosout] 0.193500 0.384056
47.200000000 INFO [/home/zghera/Documents/AMP-v1/src/ti_comm/src/amp_serial_jetson.cpp:37(dummy_cmd_callback) [topics: /rosout] 0.199165 0.339072
47.400000000 INFO [/home/zghera/Documents/AMP-v1/src/ti_comm/src/amp_serial_jetson.cpp:37(dummy_cmd_callback) [topics: /rosout] 0.344295 0.327601
47.600000000 INFO [/home/zghera/Documents/AMP-v1/src/ti_comm/src/amp_serial_jetson.cpp:37(dummy_cmd_callback) [topics: /rosout] 0.382132 0.304276
47.800000000 INFO [/home/zghera/Documents/AMP-v1/src/ti_comm/src/amp_serial_jetson.cpp:37(dummy_cmd_callback) [topics: /rosout] 0.388462 0.299611
48.000000000 INFO [/home/zghera/Documents/AMP-v1/src/ti_comm/src/amp_serial_jetson.cpp:37(dummy_cmd_callback) [topics: /rosout] 0.400000 0.237607
48.200000000 INFO [/home/zghera/Documents/AMP-v1/src/ti_comm/src/amp_serial_jetson.cpp:37(dummy_cmd_callback) [topics: /rosout] 0.400000 0.222948
48.400000000 INFO [/home/zghera/Documents/AMP-v1/src/ti_comm/src/amp_serial_jetson.cpp:37(dummy_cmd_callback) [topics: /rosout] 0.400000 0.215182
48.800000000 INFO [/home/zghera/Documents/AMP-v1/src/ti_comm/src/amp_serial_jetson.cpp:37(dummy_cmd_callback) [topics: /rosout] 0.238395 0.257405
49.000000000 INFO [/home/zghera/Documents/AMP-v1/src/ti_comm/src/amp_serial_jetson.cpp:37(dummy_cmd_callback) [topics: /rosout] 0.384436 0.039075
49.200000000 INFO [/home/zghera/Documents/AMP-v1/src/ti_comm/src/amp_serial_jetson.cpp:37(dummy_cmd_callback) [topics: /rosout] 0.400000 -0.068627
49.400000000 INFO [/home/zghera/Documents/AMP-v1/src/ti_comm/src/amp_serial_jetson.cpp:37(dummy_cmd_callback) [topics: /rosout] 0.400000 -0.156099
49.600000000 INFO [/home/zghera/Documents/AMP-v1/src/ti_comm/src/amp_serial_jetson.cpp:37(dummy_cmd_callback) [topics: /rosout] 0.400000 -0.198116
49.800000000 INFO [/home/zghera/Documents/AMP-v1/src/ti_comm/src/amp_serial_jetson.cpp:37(dummy_cmd_callback) [topics: /rosout] 0.400000 -0.159324
50.000000000 INFO [/home/zghera/Documents/AMP-v1/src/ti_comm/src/amp_serial_jetson.cpp:37(dummy_cmd_callback) [topics: /rosout] 0.400000 -0.044178
50.200000000 INFO [/home/zghera/Documents/AMP-v1/src/ti_comm/src/amp_serial_jetson.cpp:37(dummy_cmd_callback) [topics: /rosout] 0.400000 0.067796
50.400000000 INFO [/home/zghera/Documents/AMP-v1/src/ti_comm/src/amp_serial_jetson.cpp:37(dummy_cmd_callback) [topics: /rosout] 0.400000 0.183067
50.600000000 INFO [/home/zghera/Documents/AMP-v1/src/ti_comm/src/amp_serial_jetson.cpp:37(dummy_cmd_callback) [topics: /rosout] 0.400000 0.254590
50.800000000 INFO [/home/zghera/Documents/AMP-v1/src/ti_comm/src/amp_serial_jetson.cpp:37(dummy_cmd_callback) [topics: /rosout] 0.400000 0.250554
51.000000000 INFO [/home/zghera/Documents/AMP-v1/src/ti_comm/src/amp_serial_jetson.cpp:37(dummy_cmd_callback) [topics: /rosout] 0.400000 0.242584
51.400000000 INFO [/home/zghera/Documents/AMP-v1/src/ti_comm/src/amp_serial_jetson.cpp:37(dummy_cmd_callback) [topics: /rosout] 0.104107 0.613652
51.600000000 INFO [/home/zghera/Documents/AMP-v1/src/ti_comm/src/amp_serial_jetson.cpp:37(dummy_cmd_callback) [topics: /rosout] 0.137564 0.689250
51.800000000 INFO [/home/zghera/Documents/AMP-v1/src/ti_comm/src/amp_serial_jetson.cpp:37(dummy_cmd_callback) [topics: /rosout] 0.167086 0.622832
52.000000000 INFO [/home/zghera/Documents/AMP-v1/src/ti_comm/src/amp_serial_jetson.cpp:37(dummy_cmd_callback) [topics: /rosout] 0.186011 0.572939
52.400000000 INFO [/home/zghera/Documents/AMP-v1/src/ti_comm/src/amp_serial_jetson.cpp:37(dummy_cmd_callback) [topics: /rosout] 0.144639 0.497382
52.600000000 INFO [/home/zghera/Documents/AMP-v1/src/ti_comm/src/amp_serial_jetson.cpp:37(dummy_cmd_callback) [topics: /rosout] 0.213546 0.505903
52.800000000 INFO [/home/zghera/Documents/AMP-v1/src/ti_comm/src/amp_serial_jetson.cpp:37(dummy_cmd_callback) [topics: /rosout] 0.316761 0.362129
53.000000000 INFO [/home/zghera/Documents/AMP-v1/src/ti_comm/src/amp_serial_jetson.cpp:37(dummy_cmd_callback) [topics: /rosout] 0.332116 0.346723
53.400000000 INFO [/home/zghera/Documents/AMP-v1/src/ti_comm/src/amp_serial_jetson.cpp:37(dummy_cmd_callback) [topics: /rosout] 0.187709 0.348452
53.600000000 INFO [/home/zghera/Documents/AMP-v1/src/ti_comm/src/amp_serial_jetson.cpp:37(dummy_cmd_callback) [topics: /rosout] 0.325876 0.289933
53.800000000 INFO [/home/zghera/Documents/AMP-v1/src/ti_comm/src/amp_serial_jetson.cpp:37(dummy_cmd_callback) [topics: /rosout] 0.400000 0.237044
54.000000000 INFO [/home/zghera/Documents/AMP-v1/src/ti_comm/src/amp_serial_jetson.cpp:37(dummy_cmd_callback) [topics: /rosout] 0.400000 0.227504
54.200000000 INFO [/home/zghera/Documents/AMP-v1/src/ti_comm/src/amp_serial_jetson.cpp:37(dummy_cmd_callback) [topics: /rosout] 0.400000 0.190034
54.400000000 INFO [/home/zghera/Documents/AMP-v1/src/ti_comm/src/amp_serial_jetson.cpp:37(dummy_cmd_callback) [topics: /rosout] 0.400000 0.101102
54.800000000 INFO [/home/zghera/Documents/AMP-v1/src/ti_comm/src/amp_serial_jetson.cpp:37(dummy_cmd_callback) [topics: /rosout] 0.222417 -0.260034
55.000000000 INFO [/home/zghera/Documents/AMP-v1/src/ti_comm/src/amp_serial_jetson.cpp:37(dummy_cmd_callback) [topics: /rosout] 0.369235 -0.216319
55.200000000 INFO [/home/zghera/Documents/AMP-v1/src/ti_comm/src/amp_serial_jetson.cpp:37(dummy_cmd_callback) [topics: /rosout] 0.400000 -0.212589
55.400000000 INFO [/home/zghera/Documents/AMP-v1/src/ti_comm/src/amp_serial_jetson.cpp:37(dummy_cmd_callback) [topics: /rosout] 0.400000 -0.204683
55.600000000 INFO [/home/zghera/Documents/AMP-v1/src/ti_comm/src/amp_serial_jetson.cpp:37(dummy_cmd_callback) [topics: /rosout] 0.400000 -0.208022
55.800000000 INFO [/home/zghera/Documents/AMP-v1/src/ti_comm/src/amp_serial_jetson.cpp:37(dummy_cmd_callback) [topics: /rosout] 0.400000 -0.205333
56.000000000 INFO [/home/zghera/Documents/AMP-v1/src/ti_comm/src/amp_serial_jetson.cpp:37(dummy_cmd_callback) [topics: /rosout] 0.400000 -0.201840
56.400000000 INFO [/home/zghera/Documents/AMP-v1/src/ti_comm/src/amp_serial_jetson.cpp:37(dummy_cmd_callback) [topics: /rosout] 0.235270 -0.259271
56.800000000 INFO [/home/zghera/Documents/AMP-v1/src/ti_comm/src/amp_serial_jetson.cpp:37(dummy_cmd_callback) [topics: /rosout] 0.226777 -0.261450
57.000000000 INFO [/home/zghera/Documents/AMP-v1/src/ti_comm/src/amp_serial_jetson.cpp:37(dummy_cmd_callback) [topics: /rosout] 0.372368 -0.218652
57.400000000 INFO [/home/zghera/Documents/AMP-v1/src/ti_comm/src/amp_serial_jetson.cpp:37(dummy_cmd_callback) [topics: /rosout] 0.191814 -0.263631
57.600000000 INFO [/home/zghera/Documents/AMP-v1/src/ti_comm/src/amp_serial_jetson.cpp:37(dummy_cmd_callback) [topics: /rosout] 0.336322 -0.242697
58.000000000 INFO [/home/zghera/Documents/AMP-v1/src/ti_comm/src/amp_serial_jetson.cpp:37(dummy_cmd_callback) [topics: /rosout] 0.060922 -0.699893
58.200000000 INFO [/home/zghera/Documents/AMP-v1/src/ti_comm/src/amp_serial_jetson.cpp:37(dummy_cmd_callback) [topics: /rosout] 0.072969 -0.699893
58.400000000 INFO [/home/zghera/Documents/AMP-v1/src/ti_comm/src/amp_serial_jetson.cpp:37(dummy_cmd_callback) [topics: /rosout] 0.067667 -0.699893
58.600000000 INFO [/home/zghera/Documents/AMP-v1/src/ti_comm/src/amp_serial_jetson.cpp:37(dummy_cmd_callback) [topics: /rosout] 0.077616 -0.699893
58.800000000 INFO [/home/zghera/Documents/AMP-v1/src/ti_comm/src/amp_serial_jetson.cpp:37(dummy_cmd_callback) [topics: /rosout] 0.077285 -0.699893
59.000000000 INFO [/home/zghera/Documents/AMP-v1/src/ti_comm/src/amp_serial_jetson.cpp:37(dummy_cmd_callback) [topics: /rosout] 0.070526 -0.699893
59.400000000 INFO [/home/zghera/Documents/AMP-v1/src/ti_comm/src/amp_serial_jetson.cpp:37(dummy_cmd_callback) [topics: /rosout] 0.077585 -0.699893
59.600000000 INFO [/home/zghera/Documents/AMP-v1/src/ti_comm/src/amp_serial_jetson.cpp:37(dummy_cmd_callback) [topics: /rosout] 0.095321 -0.699893
60.000000000 INFO [/home/zghera/Documents/AMP-v1/src/ti_comm/src/amp_serial_jetson.cpp:37(dummy_cmd_callback) [topics: /rosout] 0.083532 -0.699893
60.400000000 INFO [/home/zghera/Documents/AMP-v1/src/ti_comm/src/amp_serial_jetson.cpp:37(dummy_cmd_callback) [topics: /rosout] 0.083809 -0.699893
60.600000000 INFO [/home/zghera/Documents/AMP-v1/src/ti_comm/src/amp_serial_jetson.cpp:37(dummy_cmd_callback) [topics: /rosout] 0.133276 -0.690946
61.000000000 INFO [/home/zghera/Documents/AMP-v1/src/ti_comm/src/amp_serial_jetson.cpp:37(dummy_cmd_callback) [topics: /rosout] 0.184004 -0.392362
61.200000000 INFO [/home/zghera/Documents/AMP-v1/src/ti_comm/src/amp_serial_jetson.cpp:37(dummy_cmd_callback) [topics: /rosout] 0.300228 -0.355902
61.400000000 INFO [/home/zghera/Documents/AMP-v1/src/ti_comm/src/amp_serial_jetson.cpp:37(dummy_cmd_callback) [topics: /rosout] 0.400000 -0.184821
61.600000000 INFO [/home/zghera/Documents/AMP-v1/src/ti_comm/src/amp_serial_jetson.cpp:37(dummy_cmd_callback) [topics: /rosout] 0.400000 -0.035269
62.000000000 INFO [/home/zghera/Documents/AMP-v1/src/ti_comm/src/amp_serial_jetson.cpp:37(dummy_cmd_callback) [topics: /rosout] 0.237206 -0.176914
62.200000000 INFO [/home/zghera/Documents/AMP-v1/src/ti_comm/src/amp_serial_jetson.cpp:37(dummy_cmd_callback) [topics: /rosout] 0.387815 -0.104012
62.400000000 INFO [/home/zghera/Documents/AMP-v1/src/ti_comm/src/amp_serial_jetson.cpp:37(dummy_cmd_callback) [topics: /rosout] 0.340319 -0.312257
62.600000000 INFO [/home/zghera/Documents/AMP-v1/src/ti_comm/src/amp_serial_jetson.cpp:37(dummy_cmd_callback) [topics: /rosout] 0.257541 -0.375837
62.800000000 INFO [/home/zghera/Documents/AMP-v1/src/ti_comm/src/amp_serial_jetson.cpp:37(dummy_cmd_callback) [topics: /rosout] 0.154926 -0.659038
63.000000000 INFO [/home/zghera/Documents/AMP-v1/src/ti_comm/src/amp_serial_jetson.cpp:37(dummy_cmd_callback) [topics: /rosout] 0.143596 -0.696119
63.200000000 INFO [/home/zghera/Documents/AMP-v1/src/ti_comm/src/amp_serial_jetson.cpp:37(dummy_cmd_callback) [topics: /rosout] 0.136427 -0.699893
63.400000000 INFO [/home/zghera/Documents/AMP-v1/src/ti_comm/src/amp_serial_jetson.cpp:37(dummy_cmd_callback) [topics: /rosout] 0.137998 -0.699893
63.600000000 INFO [/home/zghera/Documents/AMP-v1/src/ti_comm/src/amp_serial_jetson.cpp:37(dummy_cmd_callback) [topics: /rosout] 0.140151 -0.699893
63.800000000 INFO [/home/zghera/Documents/AMP-v1/src/ti_comm/src/amp_serial_jetson.cpp:37(dummy_cmd_callback) [topics: /rosout] 0.105129 -0.699893
64.000000000 INFO [/home/zghera/Documents/AMP-v1/src/ti_comm/src/amp_serial_jetson.cpp:37(dummy_cmd_callback) [topics: /rosout] 0.095423 -0.699893
64.200000000 INFO [/home/zghera/Documents/AMP-v1/src/ti_comm/src/amp_serial_jetson.cpp:37(dummy_cmd_callback) [topics: /rosout] 0.097096 -0.699893
64.400000000 INFO [/home/zghera/Documents/AMP-v1/src/ti_comm/src/amp_serial_jetson.cpp:37(dummy_cmd_callback) [topics: /rosout] 0.235971 -0.374491
64.600000000 INFO [/home/zghera/Documents/AMP-v1/src/ti_comm/src/amp_serial_jetson.cpp:37(dummy_cmd_callback) [topics: /rosout] 0.364162 -0.249074
64.800000000 INFO [/home/zghera/Documents/AMP-v1/src/ti_comm/src/amp_serial_jetson.cpp:37(dummy_cmd_callback) [topics: /rosout] 0.374734 -0.309909
65.000000000 INFO [/home/zghera/Documents/AMP-v1/src/ti_comm/src/amp_serial_jetson.cpp:37(dummy_cmd_callback) [topics: /rosout] 0.376470 -0.308569
65.200000000 INFO [/home/zghera/Documents/AMP-v1/src/ti_comm/src/amp_serial_jetson.cpp:37(dummy_cmd_callback) [topics: /rosout] 0.375740 -0.309131
65.600000000 INFO [/home/zghera/Documents/AMP-v1/src/ti_comm/src/amp_serial_jetson.cpp:37(dummy_cmd_callback) [topics: /rosout] 0.160529 -0.462807
66.000000000 INFO [/home/zghera/Documents/AMP-v1/src/ti_comm/src/amp_serial_jetson.cpp:37(dummy_cmd_callback) [topics: /rosout] 0.182204 -0.401192
66.200000000 INFO [/home/zghera/Documents/AMP-v1/src/ti_comm/src/amp_serial_jetson.cpp:37(dummy_cmd_callback) [topics: /rosout] 0.320119 -0.358648
66.600000000 INFO [/home/zghera/Documents/AMP-v1/src/ti_comm/src/amp_serial_jetson.cpp:37(dummy_cmd_callback) [topics: /rosout] 0.189057 -0.375577
66.800000000 INFO [/home/zghera/Documents/AMP-v1/src/ti_comm/src/amp_serial_jetson.cpp:37(dummy_cmd_callback) [topics: /rosout] 0.329652 -0.349110
67.200000000 INFO [/home/zghera/Documents/AMP-v1/src/ti_comm/src/amp_serial_jetson.cpp:37(dummy_cmd_callback) [topics: /rosout] 0.181344 -0.337777
67.400000000 INFO [/home/zghera/Documents/AMP-v1/src/ti_comm/src/amp_serial_jetson.cpp:37(dummy_cmd_callback) [topics: /rosout] 0.323565 -0.313507
67.600000000 INFO [/home/zghera/Documents/AMP-v1/src/ti_comm/src/amp_serial_jetson.cpp:37(dummy_cmd_callback) [topics: /rosout] 0.395638 -0.273012
67.800000000 INFO [/home/zghera/Documents/AMP-v1/src/ti_comm/src/amp_serial_jetson.cpp:37(dummy_cmd_callback) [topics: /rosout] 0.400000 -0.259836
68.200000000 INFO [/home/zghera/Documents/AMP-v1/src/ti_comm/src/amp_serial_jetson.cpp:37(dummy_cmd_callback) [topics: /rosout] 0.220766 -0.259520
68.600000000 INFO [/home/zghera/Documents/AMP-v1/src/ti_comm/src/amp_serial_jetson.cpp:37(dummy_cmd_callback) [topics: /rosout] 0.223910 -0.238599
68.800000000 INFO [/home/zghera/Documents/AMP-v1/src/ti_comm/src/amp_serial_jetson.cpp:37(dummy_cmd_callback) [topics: /rosout] 0.372033 -0.142353
69.000000000 INFO [/home/zghera/Documents/AMP-v1/src/ti_comm/src/amp_serial_jetson.cpp:37(dummy_cmd_callback) [topics: /rosout] 0.400000 -0.016953
69.200000000 INFO [/home/zghera/Documents/AMP-v1/src/ti_comm/src/amp_serial_jetson.cpp:37(dummy_cmd_callback) [topics: /rosout] 0.400000 0.096326
69.600000000 INFO [/home/zghera/Documents/AMP-v1/src/ti_comm/src/amp_serial_jetson.cpp:37(dummy_cmd_callback) [topics: /rosout] 0.203079 0.294776
69.800000000 INFO [/home/zghera/Documents/AMP-v1/src/ti_comm/src/amp_serial_jetson.cpp:37(dummy_cmd_callback) [topics: /rosout] 0.346488 0.292967
70.000000000 INFO [/home/zghera/Documents/AMP-v1/src/ti_comm/src/amp_serial_jetson.cpp:37(dummy_cmd_callback) [topics: /rosout] 0.332845 0.346023
70.200000000 INFO [/home/zghera/Documents/AMP-v1/src/ti_comm/src/amp_serial_jetson.cpp:37(dummy_cmd_callback) [topics: /rosout] 0.337058 0.342029
70.400000000 INFO [/home/zghera/Documents/AMP-v1/src/ti_comm/src/amp_serial_jetson.cpp:37(dummy_cmd_callback) [topics: /rosout] 0.207041 0.525281
70.600000000 INFO [/home/zghera/Documents/AMP-v1/src/ti_comm/src/amp_serial_jetson.cpp:37(dummy_cmd_callback) [topics: /rosout] 0.205081 0.529418
70.800000000 INFO [/home/zghera/Documents/AMP-v1/src/ti_comm/src/amp_serial_jetson.cpp:37(dummy_cmd_callback) [topics: /rosout] 0.226512 0.487182
71.000000000 INFO [/home/zghera/Documents/AMP-v1/src/ti_comm/src/amp_serial_jetson.cpp:37(dummy_cmd_callback) [topics: /rosout] 0.216011 0.507076
71.200000000 INFO [/home/zghera/Documents/AMP-v1/src/ti_comm/src/amp_serial_jetson.cpp:37(dummy_cmd_callback) [topics: /rosout] 0.207035 0.525293
71.400000000 INFO [/home/zghera/Documents/AMP-v1/src/ti_comm/src/amp_serial_jetson.cpp:37(dummy_cmd_callback) [topics: /rosout] 0.296172 0.384955
71.800000000 INFO [/home/zghera/Documents/AMP-v1/src/ti_comm/src/amp_serial_jetson.cpp:37(dummy_cmd_callback) [topics: /rosout] 0.197477 0.348417
72.000000000 INFO [/home/zghera/Documents/AMP-v1/src/ti_comm/src/amp_serial_jetson.cpp:37(dummy_cmd_callback) [topics: /rosout] 0.345920 0.328746
72.200000000 INFO [/home/zghera/Documents/AMP-v1/src/ti_comm/src/amp_serial_jetson.cpp:37(dummy_cmd_callback) [topics: /rosout] 0.385154 0.302031
72.400000000 INFO [/home/zghera/Documents/AMP-v1/src/ti_comm/src/amp_serial_jetson.cpp:37(dummy_cmd_callback) [topics: /rosout] 0.392285 0.296861
72.600000000 INFO [/home/zghera/Documents/AMP-v1/src/ti_comm/src/amp_serial_jetson.cpp:37(dummy_cmd_callback) [topics: /rosout] 0.400000 0.198710
72.800000000 INFO [/home/zghera/Documents/AMP-v1/src/ti_comm/src/amp_serial_jetson.cpp:37(dummy_cmd_callback) [topics: /rosout] 0.400000 0.179561
73.200000000 INFO [/home/zghera/Documents/AMP-v1/src/ti_comm/src/amp_serial_jetson.cpp:37(dummy_cmd_callback) [topics: /rosout] 0.220033 0.234129
73.400000000 INFO [/home/zghera/Documents/AMP-v1/src/ti_comm/src/amp_serial_jetson.cpp:37(dummy_cmd_callback) [topics: /rosout] 0.367734 0.131948
73.600000000 INFO [/home/zghera/Documents/AMP-v1/src/ti_comm/src/amp_serial_jetson.cpp:37(dummy_cmd_callback) [topics: /rosout] 0.400000 0.130746
73.800000000 INFO [/home/zghera/Documents/AMP-v1/src/ti_comm/src/amp_serial_jetson.cpp:37(dummy_cmd_callback) [topics: /rosout] 0.400000 0.059498
74.200000000 INFO [/home/zghera/Documents/AMP-v1/src/ti_comm/src/amp_serial_jetson.cpp:37(dummy_cmd_callback) [topics: /rosout] 0.238147 0.257125
74.400000000 INFO [/home/zghera/Documents/AMP-v1/src/ti_comm/src/amp_serial_jetson.cpp:37(dummy_cmd_callback) [topics: /rosout] 0.389524 0.175192
74.600000000 INFO [/home/zghera/Documents/AMP-v1/src/ti_comm/src/amp_serial_jetson.cpp:37(dummy_cmd_callback) [topics: /rosout] 0.400000 0.198920
74.800000000 INFO [/home/zghera/Documents/AMP-v1/src/ti_comm/src/amp_serial_jetson.cpp:37(dummy_cmd_callback) [topics: /rosout] 0.400000 0.198163
75.000000000 INFO [/home/zghera/Documents/AMP-v1/src/ti_comm/src/amp_serial_jetson.cpp:37(dummy_cmd_callback) [topics: /rosout] 0.400000 0.200898
75.200000000 INFO [/home/zghera/Documents/AMP-v1/src/ti_comm/src/amp_serial_jetson.cpp:37(dummy_cmd_callback) [topics: /rosout] 0.400000 0.199171
75.400000000 INFO [/home/zghera/Documents/AMP-v1/src/ti_comm/src/amp_serial_jetson.cpp:37(dummy_cmd_callback) [topics: /rosout] 0.400000 0.183387
75.800000000 INFO [/home/zghera/Documents/AMP-v1/src/ti_comm/src/amp_serial_jetson.cpp:37(dummy_cmd_callback) [topics: /rosout] 0.238027 0.258618
76.000000000 INFO [/home/zghera/Documents/AMP-v1/src/ti_comm/src/amp_serial_jetson.cpp:37(dummy_cmd_callback) [topics: /rosout] 0.386962 0.218303
76.200000000 INFO [/home/zghera/Documents/AMP-v1/src/ti_comm/src/amp_serial_jetson.cpp:37(dummy_cmd_callback) [topics: /rosout] 0.400000 0.206715
76.400000000 INFO [/home/zghera/Documents/AMP-v1/src/ti_comm/src/amp_serial_jetson.cpp:37(dummy_cmd_callback) [topics: /rosout] 0.400000 0.204318
76.600000000 INFO [/home/zghera/Documents/AMP-v1/src/ti_comm/src/amp_serial_jetson.cpp:37(dummy_cmd_callback) [topics: /rosout] 0.400000 0.287874
76.800000000 INFO [/home/zghera/Documents/AMP-v1/src/ti_comm/src/amp_serial_jetson.cpp:37(dummy_cmd_callback) [topics: /rosout] 0.400000 0.289291
77.000000000 INFO [/home/zghera/Documents/AMP-v1/src/ti_comm/src/amp_serial_jetson.cpp:37(dummy_cmd_callback) [topics: /rosout] 0.101893 0.699893
77.200000000 INFO [/home/zghera/Documents/AMP-v1/src/ti_comm/src/amp_serial_jetson.cpp:37(dummy_cmd_callback) [topics: /rosout] -0.139262 -0.699893
77.400000000 INFO [/home/zghera/Documents/AMP-v1/src/ti_comm/src/amp_serial_jetson.cpp:37(dummy_cmd_callback) [topics: /rosout] -0.188884 -0.565979
77.600000000 INFO [/home/zghera/Documents/AMP-v1/src/ti_comm/src/amp_serial_jetson.cpp:37(dummy_cmd_callback) [topics: /rosout] -0.064017 -0.699893
77.800000000 INFO [/home/zghera/Documents/AMP-v1/src/ti_comm/src/amp_serial_jetson.cpp:37(dummy_cmd_callback) [topics: /rosout] 0.168412 0.453861
78.000000000 INFO [/home/zghera/Documents/AMP-v1/src/ti_comm/src/amp_serial_jetson.cpp:37(dummy_cmd_callback) [topics: /rosout] 0.300898 0.266790
78.400000000 INFO [/home/zghera/Documents/AMP-v1/src/ti_comm/src/amp_serial_jetson.cpp:37(dummy_cmd_callback) [topics: /rosout] 0.206943 0.262060
78.800000000 INFO [/home/zghera/Documents/AMP-v1/src/ti_comm/src/amp_serial_jetson.cpp:37(dummy_cmd_callback) [topics: /rosout] 0.223797 0.260734
79.000000000 INFO [/home/zghera/Documents/AMP-v1/src/ti_comm/src/amp_serial_jetson.cpp:37(dummy_cmd_callback) [topics: /rosout] 0.372466 0.217441
79.400000000 INFO [/home/zghera/Documents/AMP-v1/src/ti_comm/src/amp_serial_jetson.cpp:37(dummy_cmd_callback) [topics: /rosout] 0.226291 0.259663
79.600000000 INFO [/home/zghera/Documents/AMP-v1/src/ti_comm/src/amp_serial_jetson.cpp:37(dummy_cmd_callback) [topics: /rosout] 0.375992 0.210594
79.800000000 INFO [/home/zghera/Documents/AMP-v1/src/ti_comm/src/amp_serial_jetson.cpp:37(dummy_cmd_callback) [topics: /rosout] 0.400000 0.179833
80.000000000 INFO [/home/zghera/Documents/AMP-v1/src/ti_comm/src/amp_serial_jetson.cpp:37(dummy_cmd_callback) [topics: /rosout] 0.400000 0.086030
80.400000000 INFO [/home/zghera/Documents/AMP-v1/src/ti_comm/src/amp_serial_jetson.cpp:37(dummy_cmd_callback) [topics: /rosout] 0.237767 0.208276
80.600000000 INFO [/home/zghera/Documents/AMP-v1/src/ti_comm/src/amp_serial_jetson.cpp:37(dummy_cmd_callback) [topics: /rosout] 0.387307 0.007967
80.800000000 INFO [/home/zghera/Documents/AMP-v1/src/ti_comm/src/amp_serial_jetson.cpp:37(dummy_cmd_callback) [topics: /rosout] 0.400000 -0.080845
81.000000000 INFO [/home/zghera/Documents/AMP-v1/src/ti_comm/src/amp_serial_jetson.cpp:37(dummy_cmd_callback) [topics: /rosout] 0.400000 -0.100043
81.400000000 INFO [/home/zghera/Documents/AMP-v1/src/ti_comm/src/amp_serial_jetson.cpp:37(dummy_cmd_callback) [topics: /rosout] 0.170545 0.390674
81.600000000 INFO [/home/zghera/Documents/AMP-v1/src/ti_comm/src/amp_serial_jetson.cpp:37(dummy_cmd_callback) [topics: /rosout] 0.310178 0.337658
81.800000000 INFO [/home/zghera/Documents/AMP-v1/src/ti_comm/src/amp_serial_jetson.cpp:37(dummy_cmd_callback) [topics: /rosout] 0.380589 0.223350
82.000000000 INFO [/home/zghera/Documents/AMP-v1/src/ti_comm/src/amp_serial_jetson.cpp:37(dummy_cmd_callback) [topics: /rosout] 0.394414 0.139182
82.200000000 INFO [/home/zghera/Documents/AMP-v1/src/ti_comm/src/amp_serial_jetson.cpp:37(dummy_cmd_callback) [topics: /rosout] 0.220210 0.498945
82.400000000 INFO [/home/zghera/Documents/AMP-v1/src/ti_comm/src/amp_serial_jetson.cpp:37(dummy_cmd_callback) [topics: /rosout] 0.142188 0.699893
82.600000000 INFO [/home/zghera/Documents/AMP-v1/src/ti_comm/src/amp_serial_jetson.cpp:37(dummy_cmd_callback) [topics: /rosout] 0.132852 0.699893
82.800000000 INFO [/home/zghera/Documents/AMP-v1/src/ti_comm/src/amp_serial_jetson.cpp:37(dummy_cmd_callback) [topics: /rosout] 0.077329 0.699893
83.000000000 INFO [/home/zghera/Documents/AMP-v1/src/ti_comm/src/amp_serial_jetson.cpp:37(dummy_cmd_callback) [topics: /rosout] 0.066315 0.699893
83.200000000 INFO [/home/zghera/Documents/AMP-v1/src/ti_comm/src/amp_serial_jetson.cpp:37(dummy_cmd_callback) [topics: /rosout] 0.258673 0.316290
83.400000000 INFO [/home/zghera/Documents/AMP-v1/src/ti_comm/src/amp_serial_jetson.cpp:37(dummy_cmd_callback) [topics: /rosout] 0.394130 0.208283
83.600000000 INFO [/home/zghera/Documents/AMP-v1/src/ti_comm/src/amp_serial_jetson.cpp:37(dummy_cmd_callback) [topics: /rosout] 0.400000 0.202895
83.800000000 INFO [/home/zghera/Documents/AMP-v1/src/ti_comm/src/amp_serial_jetson.cpp:37(dummy_cmd_callback) [topics: /rosout] 0.400000 0.218378
84.000000000 INFO [/home/zghera/Documents/AMP-v1/src/ti_comm/src/amp_serial_jetson.cpp:37(dummy_cmd_callback) [topics: /rosout] 0.400000 0.216695
84.400000000 INFO [/home/zghera/Documents/AMP-v1/src/ti_comm/src/amp_serial_jetson.cpp:37(dummy_cmd_callback) [topics: /rosout] 0.217602 0.260232
84.600000000 INFO [/home/zghera/Documents/AMP-v1/src/ti_comm/src/amp_serial_jetson.cpp:37(dummy_cmd_callback) [topics: /rosout] 0.364372 0.219607
85.000000000 INFO [/home/zghera/Documents/AMP-v1/src/ti_comm/src/amp_serial_jetson.cpp:37(dummy_cmd_callback) [topics: /rosout] 0.205946 0.262401
85.200000000 INFO [/home/zghera/Documents/AMP-v1/src/ti_comm/src/amp_serial_jetson.cpp:37(dummy_cmd_callback) [topics: /rosout] 0.350973 0.230061
85.400000000 INFO [/home/zghera/Documents/AMP-v1/src/ti_comm/src/amp_serial_jetson.cpp:37(dummy_cmd_callback) [topics: /rosout] 0.400000 0.201408
85.600000000 INFO [/home/zghera/Documents/AMP-v1/src/ti_comm/src/amp_serial_jetson.cpp:37(dummy_cmd_callback) [topics: /rosout] 0.400000 0.199995
85.800000000 INFO [/home/zghera/Documents/AMP-v1/src/ti_comm/src/amp_serial_jetson.cpp:37(dummy_cmd_callback) [topics: /rosout] 0.400000 0.206174
86.000000000 INFO [/home/zghera/Documents/AMP-v1/src/ti_comm/src/amp_serial_jetson.cpp:37(dummy_cmd_callback) [topics: /rosout] 0.400000 0.203084
86.200000000 INFO [/home/zghera/Documents/AMP-v1/src/ti_comm/src/amp_serial_jetson.cpp:37(dummy_cmd_callback) [topics: /rosout] 0.400000 0.198421
86.400000000 INFO [/home/zghera/Documents/AMP-v1/src/ti_comm/src/amp_serial_jetson.cpp:37(dummy_cmd_callback) [topics: /rosout] 0.400000 0.191201
86.600000000 INFO [/home/zghera/Documents/AMP-v1/src/ti_comm/src/amp_serial_jetson.cpp:37(dummy_cmd_callback) [topics: /rosout] 0.400000 0.121562
86.800000000 INFO [/home/zghera/Documents/AMP-v1/src/ti_comm/src/amp_serial_jetson.cpp:37(dummy_cmd_callback) [topics: /rosout] 0.400000 0.200131
87.000000000 INFO [/home/zghera/Documents/AMP-v1/src/ti_comm/src/amp_serial_jetson.cpp:37(dummy_cmd_callback) [topics: /rosout] 0.400000 0.199078
87.200000000 INFO [/home/zghera/Documents/AMP-v1/src/ti_comm/src/amp_serial_jetson.cpp:37(dummy_cmd_callback) [topics: /rosout] 0.400000 0.166444
87.600000000 INFO [/home/zghera/Documents/AMP-v1/src/ti_comm/src/amp_serial_jetson.cpp:37(dummy_cmd_callback) [topics: /rosout] 0.239339 0.048537
87.800000000 INFO [/home/zghera/Documents/AMP-v1/src/ti_comm/src/amp_serial_jetson.cpp:37(dummy_cmd_callback) [topics: /rosout] 0.389533 -0.085417
88.000000000 INFO [/home/zghera/Documents/AMP-v1/src/ti_comm/src/amp_serial_jetson.cpp:37(dummy_cmd_callback) [topics: /rosout] 0.400000 -0.195254
88.200000000 INFO [/home/zghera/Documents/AMP-v1/src/ti_comm/src/amp_serial_jetson.cpp:37(dummy_cmd_callback) [topics: /rosout] 0.400000 -0.198789
88.600000000 INFO [/home/zghera/Documents/AMP-v1/src/ti_comm/src/amp_serial_jetson.cpp:37(dummy_cmd_callback) [topics: /rosout] 0.199947 -0.262655
89.000000000 INFO [/home/zghera/Documents/AMP-v1/src/ti_comm/src/amp_serial_jetson.cpp:37(dummy_cmd_callback) [topics: /rosout] 0.185527 0.136874
89.200000000 INFO [/home/zghera/Documents/AMP-v1/src/ti_comm/src/amp_serial_jetson.cpp:37(dummy_cmd_callback) [topics: /rosout] 0.332674 0.018591
89.600000000 INFO [/home/zghera/Documents/AMP-v1/src/ti_comm/src/amp_serial_jetson.cpp:37(dummy_cmd_callback) [topics: /rosout] 0.210454 0.261031
89.800000000 INFO [/home/zghera/Documents/AMP-v1/src/ti_comm/src/amp_serial_jetson.cpp:37(dummy_cmd_callback) [topics: /rosout] 0.354420 0.228542
90.000000000 INFO [/home/zghera/Documents/AMP-v1/src/ti_comm/src/amp_serial_jetson.cpp:37(dummy_cmd_callback) [topics: /rosout] 0.400000 0.201929
90.200000000 INFO [/home/zghera/Documents/AMP-v1/src/ti_comm/src/amp_serial_jetson.cpp:37(dummy_cmd_callback) [topics: /rosout] 0.400000 0.199540
90.400000000 INFO [/home/zghera/Documents/AMP-v1/src/ti_comm/src/amp_serial_jetson.cpp:37(dummy_cmd_callback) [topics: /rosout] 0.400000 0.257324
90.600000000 INFO [/home/zghera/Documents/AMP-v1/src/ti_comm/src/amp_serial_jetson.cpp:37(dummy_cmd_callback) [topics: /rosout] 0.400000 0.248856
90.800000000 INFO [/home/zghera/Documents/AMP-v1/src/ti_comm/src/amp_serial_jetson.cpp:37(dummy_cmd_callback) [topics: /rosout] 0.400000 0.223319
91.000000000 INFO [/home/zghera/Documents/AMP-v1/src/ti_comm/src/amp_serial_jetson.cpp:37(dummy_cmd_callback) [topics: /rosout] 0.400000 0.207815
91.200000000 INFO [/home/zghera/Documents/AMP-v1/src/ti_comm/src/amp_serial_jetson.cpp:37(dummy_cmd_callback) [topics: /rosout] 0.400000 0.203104
91.400000000 INFO [/home/zghera/Documents/AMP-v1/src/ti_comm/src/amp_serial_jetson.cpp:37(dummy_cmd_callback) [topics: /rosout] 0.400000 0.206317
91.600000000 INFO [/home/zghera/Documents/AMP-v1/src/ti_comm/src/amp_serial_jetson.cpp:37(dummy_cmd_callback) [topics: /rosout] 0.400000 0.203105
92.000000000 INFO [/home/zghera/Documents/AMP-v1/src/ti_comm/src/amp_serial_jetson.cpp:37(dummy_cmd_callback) [topics: /rosout] 0.219287 -0.188665
92.200000000 INFO [/home/zghera/Documents/AMP-v1/src/ti_comm/src/amp_serial_jetson.cpp:37(dummy_cmd_callback) [topics: /rosout] 0.367868 -0.095949
92.400000000 INFO [/home/zghera/Documents/AMP-v1/src/ti_comm/src/amp_serial_jetson.cpp:37(dummy_cmd_callback) [topics: /rosout] 0.400000 -0.076553
92.600000000 INFO [/home/zghera/Documents/AMP-v1/src/ti_comm/src/amp_serial_jetson.cpp:37(dummy_cmd_callback) [topics: /rosout] 0.400000 0.025642
92.800000000 INFO [/home/zghera/Documents/AMP-v1/src/ti_comm/src/amp_serial_jetson.cpp:37(dummy_cmd_callback) [topics: /rosout] 0.400000 0.127597
93.000000000 INFO [/home/zghera/Documents/AMP-v1/src/ti_comm/src/amp_serial_jetson.cpp:37(dummy_cmd_callback) [topics: /rosout] 0.400000 0.011427
93.200000000 INFO [/home/zghera/Documents/AMP-v1/src/ti_comm/src/amp_serial_jetson.cpp:37(dummy_cmd_callback) [topics: /rosout] 0.400000 -0.100189
93.400000000 INFO [/home/zghera/Documents/AMP-v1/src/ti_comm/src/amp_serial_jetson.cpp:37(dummy_cmd_callback) [topics: /rosout] 0.400000 -0.216928
93.600000000 INFO [/home/zghera/Documents/AMP-v1/src/ti_comm/src/amp_serial_jetson.cpp:37(dummy_cmd_callback) [topics: /rosout] 0.400000 -0.223644
93.800000000 INFO [/home/zghera/Documents/AMP-v1/src/ti_comm/src/amp_serial_jetson.cpp:37(dummy_cmd_callback) [topics: /rosout] 0.400000 -0.198528
94.200000000 INFO [/home/zghera/Documents/AMP-v1/src/ti_comm/src/amp_serial_jetson.cpp:37(dummy_cmd_callback) [topics: /rosout] 0.194640 -0.368238
94.400000000 INFO [/home/zghera/Documents/AMP-v1/src/ti_comm/src/amp_serial_jetson.cpp:37(dummy_cmd_callback) [topics: /rosout] 0.342898 -0.336638
94.600000000 INFO [/home/zghera/Documents/AMP-v1/src/ti_comm/src/amp_serial_jetson.cpp:37(dummy_cmd_callback) [topics: /rosout] 0.374900 -0.309780
94.800000000 INFO [/home/zghera/Documents/AMP-v1/src/ti_comm/src/amp_serial_jetson.cpp:37(dummy_cmd_callback) [topics: /rosout] 0.381037 -0.305097
95.000000000 INFO [/home/zghera/Documents/AMP-v1/src/ti_comm/src/amp_serial_jetson.cpp:37(dummy_cmd_callback) [topics: /rosout] 0.384065 -0.302836
95.200000000 INFO [/home/zghera/Documents/AMP-v1/src/ti_comm/src/amp_serial_jetson.cpp:37(dummy_cmd_callback) [topics: /rosout] 0.387198 -0.291468
95.400000000 INFO [/home/zghera/Documents/AMP-v1/src/ti_comm/src/amp_serial_jetson.cpp:37(dummy_cmd_callback) [topics: /rosout] 0.400000 -0.209876
95.600000000 INFO [/home/zghera/Documents/AMP-v1/src/ti_comm/src/amp_serial_jetson.cpp:37(dummy_cmd_callback) [topics: /rosout] 0.400000 -0.205837
95.800000000 INFO [/home/zghera/Documents/AMP-v1/src/ti_comm/src/amp_serial_jetson.cpp:37(dummy_cmd_callback) [topics: /rosout] 0.400000 -0.203585
96.000000000 INFO [/home/zghera/Documents/AMP-v1/src/ti_comm/src/amp_serial_jetson.cpp:37(dummy_cmd_callback) [topics: /rosout] 0.400000 -0.204713
96.200000000 INFO [/home/zghera/Documents/AMP-v1/src/ti_comm/src/amp_serial_jetson.cpp:37(dummy_cmd_callback) [topics: /rosout] 0.400000 -0.167227
96.400000000 INFO [/home/zghera/Documents/AMP-v1/src/ti_comm/src/amp_serial_jetson.cpp:37(dummy_cmd_callback) [topics: /rosout] 0.400000 -0.160015
96.600000000 INFO [/home/zghera/Documents/AMP-v1/src/ti_comm/src/amp_serial_jetson.cpp:37(dummy_cmd_callback) [topics: /rosout] 0.400000 -0.052365
96.800000000 INFO [/home/zghera/Documents/AMP-v1/src/ti_comm/src/amp_serial_jetson.cpp:37(dummy_cmd_callback) [topics: /rosout] 0.400000 0.045806
97.200000000 INFO [/home/zghera/Documents/AMP-v1/src/ti_comm/src/amp_serial_jetson.cpp:37(dummy_cmd_callback) [topics: /rosout] 0.195059 0.261835
97.400000000 INFO [/home/zghera/Documents/AMP-v1/src/ti_comm/src/amp_serial_jetson.cpp:37(dummy_cmd_callback) [topics: /rosout] 0.337915 0.289629
97.600000000 INFO [/home/zghera/Documents/AMP-v1/src/ti_comm/src/amp_serial_jetson.cpp:37(dummy_cmd_callback) [topics: /rosout] 0.370586 0.313157
97.800000000 INFO [/home/zghera/Documents/AMP-v1/src/ti_comm/src/amp_serial_jetson.cpp:37(dummy_cmd_callback) [topics: /rosout] 0.373901 0.310556
98.200000000 INFO [/home/zghera/Documents/AMP-v1/src/ti_comm/src/amp_serial_jetson.cpp:37(dummy_cmd_callback) [topics: /rosout] 0.157558 0.521629
98.400000000 INFO [/home/zghera/Documents/AMP-v1/src/ti_comm/src/amp_serial_jetson.cpp:37(dummy_cmd_callback) [topics: /rosout] -0.051552 -0.699893
98.600000000 INFO [/home/zghera/Documents/AMP-v1/src/ti_comm/src/amp_serial_jetson.cpp:37(dummy_cmd_callback) [topics: /rosout] 0.133479 0.661680
98.800000000 INFO [/home/zghera/Documents/AMP-v1/src/ti_comm/src/amp_serial_jetson.cpp:37(dummy_cmd_callback) [topics: /rosout] 0.264904 0.425342
99.000000000 INFO [/home/zghera/Documents/AMP-v1/src/ti_comm/src/amp_serial_jetson.cpp:37(dummy_cmd_callback) [topics: /rosout] 0.341590 0.337831
99.200000000 INFO [/home/zghera/Documents/AMP-v1/src/ti_comm/src/amp_serial_jetson.cpp:37(dummy_cmd_callback) [topics: /rosout] 0.344396 0.335281
99.600000000 INFO [/home/zghera/Documents/AMP-v1/src/ti_comm/src/amp_serial_jetson.cpp:37(dummy_cmd_callback) [topics: /rosout] 0.199120 0.320298
99.800000000 INFO [/home/zghera/Documents/AMP-v1/src/ti_comm/src/amp_serial_jetson.cpp:37(dummy_cmd_callback) [topics: /rosout] 0.343819 0.313570
100.000000000 INFO [/home/zghera/Documents/AMP-v1/src/ti_comm/src/amp_serial_jetson.cpp:37(dummy_cmd_callback) [topics: /rosout] 0.400000 0.291457
100.200000000 INFO [/home/zghera/Documents/AMP-v1/src/ti_comm/src/amp_serial_jetson.cpp:37(dummy_cmd_callback) [topics: /rosout] 0.400000 0.284011
100.400000000 INFO [/home/zghera/Documents/AMP-v1/src/ti_comm/src/amp_serial_jetson.cpp:37(dummy_cmd_callback) [topics: /rosout] 0.400000 0.201138
100.800000000 INFO [/home/zghera/Documents/AMP-v1/src/ti_comm/src/amp_serial_jetson.cpp:37(dummy_cmd_callback) [topics: /rosout] 0.231973 0.262010
101.200000000 INFO [/home/zghera/Documents/AMP-v1/src/ti_comm/src/amp_serial_jetson.cpp:37(dummy_cmd_callback) [topics: /rosout] 0.219894 0.145327
101.400000000 INFO [/home/zghera/Documents/AMP-v1/src/ti_comm/src/amp_serial_jetson.cpp:37(dummy_cmd_callback) [topics: /rosout] 0.370529 0.088682
101.600000000 INFO [/home/zghera/Documents/AMP-v1/src/ti_comm/src/amp_serial_jetson.cpp:37(dummy_cmd_callback) [topics: /rosout] 0.400000 -0.034064
101.800000000 INFO [/home/zghera/Documents/AMP-v1/src/ti_comm/src/amp_serial_jetson.cpp:37(dummy_cmd_callback) [topics: /rosout] 0.400000 -0.144235
102.200000000 INFO [/home/zghera/Documents/AMP-v1/src/ti_comm/src/amp_serial_jetson.cpp:37(dummy_cmd_callback) [topics: /rosout] 0.079627 -0.699893
102.400000000 INFO [/home/zghera/Documents/AMP-v1/src/ti_comm/src/amp_serial_jetson.cpp:37(dummy_cmd_callback) [topics: /rosout] 0.110544 -0.689835
102.800000000 INFO [/home/zghera/Documents/AMP-v1/src/ti_comm/src/amp_serial_jetson.cpp:37(dummy_cmd_callback) [topics: /rosout] 0.142019 -0.347959
103.200000000 INFO [/home/zghera/Documents/AMP-v1/src/ti_comm/src/amp_serial_jetson.cpp:37(dummy_cmd_callback) [topics: /rosout] 0.162095 -0.264332
103.400000000 INFO [/home/zghera/Documents/AMP-v1/src/ti_comm/src/amp_serial_jetson.cpp:37(dummy_cmd_callback) [topics: /rosout] 0.290364 -0.265670
103.800000000 INFO [/home/zghera/Documents/AMP-v1/src/ti_comm/src/amp_serial_jetson.cpp:37(dummy_cmd_callback) [topics: /rosout] 0.141894 -0.333095
104.000000000 INFO [/home/zghera/Documents/AMP-v1/src/ti_comm/src/amp_serial_jetson.cpp:37(dummy_cmd_callback) [topics: /rosout] 0.266040 -0.298655
104.200000000 INFO [/home/zghera/Documents/AMP-v1/src/ti_comm/src/amp_serial_jetson.cpp:37(dummy_cmd_callback) [topics: /rosout] 0.370844 -0.224216
104.400000000 INFO [/home/zghera/Documents/AMP-v1/src/ti_comm/src/amp_serial_jetson.cpp:37(dummy_cmd_callback) [topics: /rosout] 0.379391 -0.264403
104.800000000 INFO [/home/zghera/Documents/AMP-v1/src/ti_comm/src/amp_serial_jetson.cpp:37(dummy_cmd_callback) [topics: /rosout] 0.081066 0.699893
105.200000000 INFO [/home/zghera/Documents/AMP-v1/src/ti_comm/src/amp_serial_jetson.cpp:37(dummy_cmd_callback) [topics: /rosout] 0.036559 0.688667
105.400000000 INFO [/home/zghera/Documents/AMP-v1/src/ti_comm/src/amp_serial_jetson.cpp:37(dummy_cmd_callback) [topics: /rosout] -0.145060 -0.553253
105.600000000 INFO [/home/zghera/Documents/AMP-v1/src/ti_comm/src/amp_serial_jetson.cpp:37(dummy_cmd_callback) [topics: /rosout] -0.181181 -0.584989
105.800000000 INFO [/home/zghera/Documents/AMP-v1/src/ti_comm/src/amp_serial_jetson.cpp:37(dummy_cmd_callback) [topics: /rosout] -0.126088 -0.699893
106.200000000 INFO [/home/zghera/Documents/AMP-v1/src/ti_comm/src/amp_serial_jetson.cpp:37(dummy_cmd_callback) [topics: /rosout] 0.192436 -0.294183
106.400000000 INFO [/home/zghera/Documents/AMP-v1/src/ti_comm/src/amp_serial_jetson.cpp:37(dummy_cmd_callback) [topics: /rosout] 0.339803 -0.111116
106.600000000 INFO [/home/zghera/Documents/AMP-v1/src/ti_comm/src/amp_serial_jetson.cpp:37(dummy_cmd_callback) [topics: /rosout] 0.377685 -0.140206
106.800000000 INFO [/home/zghera/Documents/AMP-v1/src/ti_comm/src/amp_serial_jetson.cpp:37(dummy_cmd_callback) [topics: /rosout] 0.290862 -0.336206
107.000000000 INFO [/home/zghera/Documents/AMP-v1/src/ti_comm/src/amp_serial_jetson.cpp:37(dummy_cmd_callback) [topics: /rosout] 0.115204 -0.240872
107.200000000 INFO [/home/zghera/Documents/AMP-v1/src/ti_comm/src/amp_serial_jetson.cpp:37(dummy_cmd_callback) [topics: /rosout] -0.100487 -0.500279
107.400000000 INFO [/home/zghera/Documents/AMP-v1/src/ti_comm/src/amp_serial_jetson.cpp:37(dummy_cmd_callback) [topics: /rosout] -0.194017 -0.446165
107.800000000 INFO [/home/zghera/Documents/AMP-v1/src/ti_comm/src/amp_serial_jetson.cpp:37(dummy_cmd_callback) [topics: /rosout] -0.156115 -0.361232
108.000000000 INFO [/home/zghera/Documents/AMP-v1/src/ti_comm/src/amp_serial_jetson.cpp:37(dummy_cmd_callback) [topics: /rosout] -0.174621 -0.503364
108.400000000 INFO [/home/zghera/Documents/AMP-v1/src/ti_comm/src/amp_serial_jetson.cpp:37(dummy_cmd_callback) [topics: /rosout] -0.122755 -0.595234
108.800000000 INFO [/home/zghera/Documents/AMP-v1/src/ti_comm/src/amp_serial_jetson.cpp:37(dummy_cmd_callback) [topics: /rosout] 0.178896 0.116203
109.000000000 INFO [/home/zghera/Documents/AMP-v1/src/ti_comm/src/amp_serial_jetson.cpp:37(dummy_cmd_callback) [topics: /rosout] 0.313922 0.180373
109.400000000 INFO [/home/zghera/Documents/AMP-v1/src/ti_comm/src/amp_serial_jetson.cpp:37(dummy_cmd_callback) [topics: /rosout] 0.182971 0.264682
109.600000000 INFO [/home/zghera/Documents/AMP-v1/src/ti_comm/src/amp_serial_jetson.cpp:37(dummy_cmd_callback) [topics: /rosout] 0.320134 0.266411
109.800000000 INFO [/home/zghera/Documents/AMP-v1/src/ti_comm/src/amp_serial_jetson.cpp:37(dummy_cmd_callback) [topics: /rosout] 0.400000 0.207595
110.000000000 INFO [/home/zghera/Documents/AMP-v1/src/ti_comm/src/amp_serial_jetson.cpp:37(dummy_cmd_callback) [topics: /rosout] 0.400000 0.204247
110.400000000 INFO [/home/zghera/Documents/AMP-v1/src/ti_comm/src/amp_serial_jetson.cpp:37(dummy_cmd_callback) [topics: /rosout] 0.210235 0.326466
110.600000000 INFO [/home/zghera/Documents/AMP-v1/src/ti_comm/src/amp_serial_jetson.cpp:37(dummy_cmd_callback) [topics: /rosout] 0.362362 0.319794
111.000000000 INFO [/home/zghera/Documents/AMP-v1/src/ti_comm/src/amp_serial_jetson.cpp:37(dummy_cmd_callback) [topics: /rosout] 0.190164 0.424300
111.400000000 INFO [/home/zghera/Documents/AMP-v1/src/ti_comm/src/amp_serial_jetson.cpp:37(dummy_cmd_callback) [topics: /rosout] 0.203408 0.305862
111.600000000 INFO [/home/zghera/Documents/AMP-v1/src/ti_comm/src/amp_serial_jetson.cpp:37(dummy_cmd_callback) [topics: /rosout] 0.350515 0.302940
112.000000000 INFO [/home/zghera/Documents/AMP-v1/src/ti_comm/src/amp_serial_jetson.cpp:37(dummy_cmd_callback) [topics: /rosout] 0.195992 0.368624
112.200000000 INFO [/home/zghera/Documents/AMP-v1/src/ti_comm/src/amp_serial_jetson.cpp:37(dummy_cmd_callback) [topics: /rosout] 0.338201 0.340961
112.400000000 INFO [/home/zghera/Documents/AMP-v1/src/ti_comm/src/amp_serial_jetson.cpp:37(dummy_cmd_callback) [topics: /rosout] 0.357439 0.323898
112.600000000 INFO [/home/zghera/Documents/AMP-v1/src/ti_comm/src/amp_serial_jetson.cpp:37(dummy_cmd_callback) [topics: /rosout] 0.357070 0.324210
113.000000000 INFO [/home/zghera/Documents/AMP-v1/src/ti_comm/src/amp_serial_jetson.cpp:37(dummy_cmd_callback) [topics: /rosout] 0.196450 0.353008
113.400000000 INFO [/home/zghera/Documents/AMP-v1/src/ti_comm/src/amp_serial_jetson.cpp:37(dummy_cmd_callback) [topics: /rosout] 0.189178 0.308882
113.600000000 INFO [/home/zghera/Documents/AMP-v1/src/ti_comm/src/amp_serial_jetson.cpp:37(dummy_cmd_callback) [topics: /rosout] 0.333709 0.303012
114.000000000 INFO [/home/zghera/Documents/AMP-v1/src/ti_comm/src/amp_serial_jetson.cpp:37(dummy_cmd_callback) [topics: /rosout] 0.183082 0.266322
114.200000000 INFO [/home/zghera/Documents/AMP-v1/src/ti_comm/src/amp_serial_jetson.cpp:37(dummy_cmd_callback) [topics: /rosout] 0.334650 0.241840
114.400000000 INFO [/home/zghera/Documents/AMP-v1/src/ti_comm/src/amp_serial_jetson.cpp:37(dummy_cmd_callback) [topics: /rosout] 0.400000 0.198446
114.600000000 INFO [/home/zghera/Documents/AMP-v1/src/ti_comm/src/amp_serial_jetson.cpp:37(dummy_cmd_callback) [topics: /rosout] 0.400000 0.198100
115.000000000 INFO [/home/zghera/Documents/AMP-v1/src/ti_comm/src/amp_serial_jetson.cpp:37(dummy_cmd_callback) [topics: /rosout] 0.223475 0.216275
115.400000000 INFO [/home/zghera/Documents/AMP-v1/src/ti_comm/src/amp_serial_jetson.cpp:37(dummy_cmd_callback) [topics: /rosout] 0.240951 -0.257024
115.600000000 INFO [/home/zghera/Documents/AMP-v1/src/ti_comm/src/amp_serial_jetson.cpp:37(dummy_cmd_callback) [topics: /rosout] 0.393272 -0.201681
115.800000000 INFO [/home/zghera/Documents/AMP-v1/src/ti_comm/src/amp_serial_jetson.cpp:37(dummy_cmd_callback) [topics: /rosout] 0.400000 -0.201067
116.000000000 INFO [/home/zghera/Documents/AMP-v1/src/ti_comm/src/amp_serial_jetson.cpp:37(dummy_cmd_callback) [topics: /rosout] 0.400000 -0.199293
116.200000000 INFO [/home/zghera/Documents/AMP-v1/src/ti_comm/src/amp_serial_jetson.cpp:37(dummy_cmd_callback) [topics: /rosout] 0.400000 -0.198517
116.600000000 INFO [/home/zghera/Documents/AMP-v1/src/ti_comm/src/amp_serial_jetson.cpp:37(dummy_cmd_callback) [topics: /rosout] 0.238253 0.067650
116.800000000 INFO [/home/zghera/Documents/AMP-v1/src/ti_comm/src/amp_serial_jetson.cpp:37(dummy_cmd_callback) [topics: /rosout] 0.391153 0.157145
117.000000000 INFO [/home/zghera/Documents/AMP-v1/src/ti_comm/src/amp_serial_jetson.cpp:37(dummy_cmd_callback) [topics: /rosout] 0.400000 0.147893
117.200000000 INFO [/home/zghera/Documents/AMP-v1/src/ti_comm/src/amp_serial_jetson.cpp:37(dummy_cmd_callback) [topics: /rosout] 0.400000 0.069881
117.600000000 INFO [/home/zghera/Documents/AMP-v1/src/ti_comm/src/amp_serial_jetson.cpp:37(dummy_cmd_callback) [topics: /rosout] 0.236639 0.251274
117.800000000 INFO [/home/zghera/Documents/AMP-v1/src/ti_comm/src/amp_serial_jetson.cpp:37(dummy_cmd_callback) [topics: /rosout] 0.386312 0.186065
118.000000000 INFO [/home/zghera/Documents/AMP-v1/src/ti_comm/src/amp_serial_jetson.cpp:37(dummy_cmd_callback) [topics: /rosout] 0.400000 0.072285
118.200000000 INFO [/home/zghera/Documents/AMP-v1/src/ti_comm/src/amp_serial_jetson.cpp:37(dummy_cmd_callback) [topics: /rosout] 0.400000 -0.037499
118.400000000 INFO [/home/zghera/Documents/AMP-v1/src/ti_comm/src/amp_serial_jetson.cpp:37(dummy_cmd_callback) [topics: /rosout] 0.400000 0.083137
118.600000000 INFO [/home/zghera/Documents/AMP-v1/src/ti_comm/src/amp_serial_jetson.cpp:37(dummy_cmd_callback) [topics: /rosout] 0.400000 0.198652
119.000000000 INFO [/home/zghera/Documents/AMP-v1/src/ti_comm/src/amp_serial_jetson.cpp:37(dummy_cmd_callback) [topics: /rosout] 0.214404 0.294892
119.200000000 INFO [/home/zghera/Documents/AMP-v1/src/ti_comm/src/amp_serial_jetson.cpp:37(dummy_cmd_callback) [topics: /rosout] 0.361746 0.293630
119.400000000 INFO [/home/zghera/Documents/AMP-v1/src/ti_comm/src/amp_serial_jetson.cpp:37(dummy_cmd_callback) [topics: /rosout] 0.400000 0.290234
119.600000000 INFO [/home/zghera/Documents/AMP-v1/src/ti_comm/src/amp_serial_jetson.cpp:37(dummy_cmd_callback) [topics: /rosout] 0.400000 0.234290
120.000000000 INFO [/home/zghera/Documents/AMP-v1/src/ti_comm/src/amp_serial_jetson.cpp:37(dummy_cmd_callback) [topics: /rosout] 0.211384 0.305638
120.200000000 INFO [/home/zghera/Documents/AMP-v1/src/ti_comm/src/amp_serial_jetson.cpp:37(dummy_cmd_callback) [topics: /rosout] 0.360773 0.303236
120.600000000 INFO [/home/zghera/Documents/AMP-v1/src/ti_comm/src/amp_serial_jetson.cpp:37(dummy_cmd_callback) [topics: /rosout] 0.197547 0.338984
120.800000000 INFO [/home/zghera/Documents/AMP-v1/src/ti_comm/src/amp_serial_jetson.cpp:37(dummy_cmd_callback) [topics: /rosout] 0.341886 0.327048
121.200000000 INFO [/home/zghera/Documents/AMP-v1/src/ti_comm/src/amp_serial_jetson.cpp:37(dummy_cmd_callback) [topics: /rosout] 0.200486 0.303447
121.400000000 INFO [/home/zghera/Documents/AMP-v1/src/ti_comm/src/amp_serial_jetson.cpp:37(dummy_cmd_callback) [topics: /rosout] 0.349839 0.301497
121.600000000 INFO [/home/zghera/Documents/AMP-v1/src/ti_comm/src/amp_serial_jetson.cpp:37(dummy_cmd_callback) [topics: /rosout] 0.392060 0.297021
121.800000000 INFO [/home/zghera/Documents/AMP-v1/src/ti_comm/src/amp_serial_jetson.cpp:37(dummy_cmd_callback) [topics: /rosout] 0.399231 0.286306
122.000000000 INFO [/home/zghera/Documents/AMP-v1/src/ti_comm/src/amp_serial_jetson.cpp:37(dummy_cmd_callback) [topics: /rosout] 0.400000 0.208018
122.200000000 INFO [/home/zghera/Documents/AMP-v1/src/ti_comm/src/amp_serial_jetson.cpp:37(dummy_cmd_callback) [topics: /rosout] 0.400000 0.203378
122.600000000 INFO [/home/zghera/Documents/AMP-v1/src/ti_comm/src/amp_serial_jetson.cpp:37(dummy_cmd_callback) [topics: /rosout] 0.220297 0.259320
122.800000000 INFO [/home/zghera/Documents/AMP-v1/src/ti_comm/src/amp_serial_jetson.cpp:37(dummy_cmd_callback) [topics: /rosout] 0.367018 0.215336
123.000000000 INFO [/home/zghera/Documents/AMP-v1/src/ti_comm/src/amp_serial_jetson.cpp:37(dummy_cmd_callback) [topics: /rosout] 0.400000 0.124053
123.200000000 INFO [/home/zghera/Documents/AMP-v1/src/ti_comm/src/amp_serial_jetson.cpp:37(dummy_cmd_callback) [topics: /rosout] 0.400000 0.086026
123.400000000 INFO [/home/zghera/Documents/AMP-v1/src/ti_comm/src/amp_serial_jetson.cpp:37(dummy_cmd_callback) [topics: /rosout] 0.400000 -0.031237
123.600000000 INFO [/home/zghera/Documents/AMP-v1/src/ti_comm/src/amp_serial_jetson.cpp:37(dummy_cmd_callback) [topics: /rosout] 0.400000 -0.144306
123.800000000 INFO [/home/zghera/Documents/AMP-v1/src/ti_comm/src/amp_serial_jetson.cpp:37(dummy_cmd_callback) [topics: /rosout] 0.400000 -0.198409
124.200000000 INFO [/home/zghera/Documents/AMP-v1/src/ti_comm/src/amp_serial_jetson.cpp:37(dummy_cmd_callback) [topics: /rosout] 0.221640 -0.260203
124.600000000 INFO [/home/zghera/Documents/AMP-v1/src/ti_comm/src/amp_serial_jetson.cpp:37(dummy_cmd_callback) [topics: /rosout] 0.193210 -0.263134
124.800000000 INFO [/home/zghera/Documents/AMP-v1/src/ti_comm/src/amp_serial_jetson.cpp:37(dummy_cmd_callback) [topics: /rosout] 0.335050 -0.238944
125.200000000 INFO [/home/zghera/Documents/AMP-v1/src/ti_comm/src/amp_serial_jetson.cpp:37(dummy_cmd_callback) [topics: /rosout] 0.208405 -0.270945
125.400000000 INFO [/home/zghera/Documents/AMP-v1/src/ti_comm/src/amp_serial_jetson.cpp:37(dummy_cmd_callback) [topics: /rosout] 0.353777 -0.241243
125.600000000 INFO [/home/zghera/Documents/AMP-v1/src/ti_comm/src/amp_serial_jetson.cpp:37(dummy_cmd_callback) [topics: /rosout] 0.400000 -0.217953
125.800000000 INFO [/home/zghera/Documents/AMP-v1/src/ti_comm/src/amp_serial_jetson.cpp:37(dummy_cmd_callback) [topics: /rosout] 0.400000 -0.211955
126.000000000 INFO [/home/zghera/Documents/AMP-v1/src/ti_comm/src/amp_serial_jetson.cpp:37(dummy_cmd_callback) [topics: /rosout] 0.400000 -0.202163
126.200000000 INFO [/home/zghera/Documents/AMP-v1/src/ti_comm/src/amp_serial_jetson.cpp:37(dummy_cmd_callback) [topics: /rosout] 0.400000 -0.199833
126.400000000 INFO [/home/zghera/Documents/AMP-v1/src/ti_comm/src/amp_serial_jetson.cpp:37(dummy_cmd_callback) [topics: /rosout] 0.400000 -0.197627
126.600000000 INFO [/home/zghera/Documents/AMP-v1/src/ti_comm/src/amp_serial_jetson.cpp:37(dummy_cmd_callback) [topics: /rosout] 0.400000 -0.127751
126.800000000 INFO [/home/zghera/Documents/AMP-v1/src/ti_comm/src/amp_serial_jetson.cpp:37(dummy_cmd_callback) [topics: /rosout] 0.400000 -0.034567
127.000000000 INFO [/home/zghera/Documents/AMP-v1/src/ti_comm/src/amp_serial_jetson.cpp:37(dummy_cmd_callback) [topics: /rosout] 0.400000 0.089930
127.200000000 INFO [/home/zghera/Documents/AMP-v1/src/ti_comm/src/amp_serial_jetson.cpp:37(dummy_cmd_callback) [topics: /rosout] 0.400000 0.118239
127.400000000 INFO [/home/zghera/Documents/AMP-v1/src/ti_comm/src/amp_serial_jetson.cpp:37(dummy_cmd_callback) [topics: /rosout] 0.400000 0.064522
127.600000000 INFO [/home/zghera/Documents/AMP-v1/src/ti_comm/src/amp_serial_jetson.cpp:37(dummy_cmd_callback) [topics: /rosout] 0.400000 0.185835
127.800000000 INFO [/home/zghera/Documents/AMP-v1/src/ti_comm/src/amp_serial_jetson.cpp:37(dummy_cmd_callback) [topics: /rosout] 0.400000 0.199435
128.200000000 INFO [/home/zghera/Documents/AMP-v1/src/ti_comm/src/amp_serial_jetson.cpp:37(dummy_cmd_callback) [topics: /rosout] 0.237588 0.258466
128.400000000 INFO [/home/zghera/Documents/AMP-v1/src/ti_comm/src/amp_serial_jetson.cpp:37(dummy_cmd_callback) [topics: /rosout] 0.388743 0.206701
