This file contains any messages produced by compilers while
running configure, to aid debugging if configure makes a mistake.

It was created by libserialport configure 0.1.0, which was
generated by GNU Autoconf 2.69.  Invocation command line was

  $ ./configure PKG_CONFIG_PATH=/opt/ros/kinetic/lib/pkgconfig:/opt/ros/kinetic/lib/x86_64-linux-gnu/pkgconfig --no-create --no-recursion

## --------- ##
## Platform. ##
## --------- ##

hostname = tegra-ubuntu
uname -m = aarch64
uname -r = 4.4.38-tegra
uname -s = Linux
uname -v = #1 SMP PREEMPT Thu May 17 00:15:19 PDT 2018

/usr/bin/uname -p = unknown
/bin/uname -X     = unknown

/bin/arch              = unknown
/usr/bin/arch -k       = unknown
/usr/convex/getsysinfo = unknown
/usr/bin/hostinfo      = unknown
/bin/machine           = unknown
/usr/bin/oslevel       = unknown
/bin/universe          = unknown

PATH: /opt/ros/kinetic/bin
PATH: /usr/local/cuda-9.0/bin
PATH: /usr/local/sbin
PATH: /usr/local/bin
PATH: /usr/sbin
PATH: /usr/bin
PATH: /sbin
PATH: /bin
PATH: /snap/bin


## ----------- ##
## Core tests. ##
## ----------- ##

configure:2392: checking build system type
configure:2406: result: aarch64-unknown-linux-gnu
configure:2426: checking host system type
configure:2439: result: aarch64-unknown-linux-gnu
configure:2459: checking target system type
configure:2472: result: aarch64-unknown-linux-gnu
configure:2516: checking for a BSD-compatible install
configure:2584: result: /usr/bin/install -c
configure:2595: checking whether build environment is sane
configure:2650: result: yes
configure:2801: checking for a thread-safe mkdir -p
configure:2840: result: /bin/mkdir -p
configure:2847: checking for gawk
configure:2877: result: no
configure:2847: checking for mawk
configure:2863: found /usr/bin/mawk
configure:2874: result: mawk
configure:2885: checking whether make sets $(MAKE)
configure:2907: result: yes
configure:2936: checking whether make supports nested variables
configure:2953: result: yes
configure:3090: checking whether make supports nested variables
configure:3107: result: yes
configure:3130: checking for style of include used by make
configure:3158: result: GNU
configure:3229: checking for gcc
configure:3245: found /usr/bin/gcc
configure:3256: result: gcc
configure:3485: checking for C compiler version
configure:3494: gcc --version >&5
gcc (Ubuntu/Linaro 5.4.0-6ubuntu1~16.04.12) 5.4.0 20160609
Copyright (C) 2015 Free Software Foundation, Inc.
This is free software; see the source for copying conditions.  There is NO
warranty; not even for MERCHANTABILITY or FITNESS FOR A PARTICULAR PURPOSE.

configure:3505: $? = 0
configure:3494: gcc -v >&5
Using built-in specs.
COLLECT_GCC=gcc
COLLECT_LTO_WRAPPER=/usr/lib/gcc/aarch64-linux-gnu/5/lto-wrapper
Target: aarch64-linux-gnu
Configured with: ../src/configure -v --with-pkgversion='Ubuntu/Linaro 5.4.0-6ubuntu1~16.04.12' --with-bugurl=file:///usr/share/doc/gcc-5/README.Bugs --enable-languages=c,ada,c++,java,go,d,fortran,objc,obj-c++ --prefix=/usr --program-suffix=-5 --enable-shared --enable-linker-build-id --libexecdir=/usr/lib --without-included-gettext --enable-threads=posix --libdir=/usr/lib --enable-nls --with-sysroot=/ --enable-clocale=gnu --enable-libstdcxx-debug --enable-libstdcxx-time=yes --with-default-libstdcxx-abi=new --enable-gnu-unique-object --disable-libquadmath --enable-plugin --with-system-zlib --disable-browser-plugin --enable-java-awt=gtk --enable-gtk-cairo --with-java-home=/usr/lib/jvm/java-1.5.0-gcj-5-arm64/jre --enable-java-home --with-jvm-root-dir=/usr/lib/jvm/java-1.5.0-gcj-5-arm64 --with-jvm-jar-dir=/usr/lib/jvm-exports/java-1.5.0-gcj-5-arm64 --with-arch-directory=aarch64 --with-ecj-jar=/usr/share/java/eclipse-ecj.jar --enable-multiarch --enable-fix-cortex-a53-843419 --disable-werror --enable-checking=release --build=aarch64-linux-gnu --host=aarch64-linux-gnu --target=aarch64-linux-gnu
Thread model: posix
gcc version 5.4.0 20160609 (Ubuntu/Linaro 5.4.0-6ubuntu1~16.04.12) 
configure:3505: $? = 0
configure:3494: gcc -V >&5
gcc: error: unrecognized command line option '-V'
gcc: fatal error: no input files
compilation terminated.
configure:3505: $? = 1
configure:3494: gcc -qversion >&5
gcc: error: unrecognized command line option '-qversion'
gcc: fatal error: no input files
compilation terminated.
configure:3505: $? = 1
configure:3525: checking whether the C compiler works
configure:3547: gcc    conftest.c  >&5
configure:3551: $? = 0
configure:3599: result: yes
configure:3602: checking for C compiler default output file name
configure:3604: result: a.out
configure:3610: checking for suffix of executables
configure:3617: gcc -o conftest    conftest.c  >&5
configure:3621: $? = 0
configure:3643: result: 
configure:3665: checking whether we are cross compiling
configure:3673: gcc -o conftest    conftest.c  >&5
configure:3677: $? = 0
configure:3684: ./conftest
configure:3688: $? = 0
configure:3703: result: no
configure:3708: checking for suffix of object files
configure:3730: gcc -c   conftest.c >&5
configure:3734: $? = 0
configure:3755: result: o
configure:3759: checking whether we are using the GNU C compiler
configure:3778: gcc -c   conftest.c >&5
configure:3778: $? = 0
configure:3787: result: yes
configure:3796: checking whether gcc accepts -g
configure:3816: gcc -c -g  conftest.c >&5
configure:3816: $? = 0
configure:3857: result: yes
configure:3874: checking for gcc option to accept ISO C89
configure:3937: gcc  -c -g -O2  conftest.c >&5
configure:3937: $? = 0
configure:3950: result: none needed
configure:3975: checking whether gcc understands -c and -o together
configure:3997: gcc -c conftest.c -o conftest2.o
configure:4000: $? = 0
configure:3997: gcc -c conftest.c -o conftest2.o
configure:4000: $? = 0
configure:4012: result: yes
configure:4031: checking dependency style of gcc
configure:4142: result: gcc3
configure:4207: checking for ar
configure:4223: found /usr/bin/ar
configure:4234: result: ar
configure:4260: checking the archiver (ar) interface
configure:4276: gcc -c -g -O2  conftest.c >&5
configure:4276: $? = 0
configure:4278: ar cru libconftest.a conftest.o >&5
ar: `u' modifier ignored since `D' is the default (see `U')
configure:4281: $? = 0
configure:4309: result: ar
configure:4382: checking for gcc
configure:4409: result: gcc
configure:4638: checking for C compiler version
configure:4647: gcc --version >&5
gcc (Ubuntu/Linaro 5.4.0-6ubuntu1~16.04.12) 5.4.0 20160609
Copyright (C) 2015 Free Software Foundation, Inc.
This is free software; see the source for copying conditions.  There is NO
warranty; not even for MERCHANTABILITY or FITNESS FOR A PARTICULAR PURPOSE.

configure:4658: $? = 0
configure:4647: gcc -v >&5
Using built-in specs.
COLLECT_GCC=gcc
COLLECT_LTO_WRAPPER=/usr/lib/gcc/aarch64-linux-gnu/5/lto-wrapper
Target: aarch64-linux-gnu
Configured with: ../src/configure -v --with-pkgversion='Ubuntu/Linaro 5.4.0-6ubuntu1~16.04.12' --with-bugurl=file:///usr/share/doc/gcc-5/README.Bugs --enable-languages=c,ada,c++,java,go,d,fortran,objc,obj-c++ --prefix=/usr --program-suffix=-5 --enable-shared --enable-linker-build-id --libexecdir=/usr/lib --without-included-gettext --enable-threads=posix --libdir=/usr/lib --enable-nls --with-sysroot=/ --enable-clocale=gnu --enable-libstdcxx-debug --enable-libstdcxx-time=yes --with-default-libstdcxx-abi=new --enable-gnu-unique-object --disable-libquadmath --enable-plugin --with-system-zlib --disable-browser-plugin --enable-java-awt=gtk --enable-gtk-cairo --with-java-home=/usr/lib/jvm/java-1.5.0-gcj-5-arm64/jre --enable-java-home --with-jvm-root-dir=/usr/lib/jvm/java-1.5.0-gcj-5-arm64 --with-jvm-jar-dir=/usr/lib/jvm-exports/java-1.5.0-gcj-5-arm64 --with-arch-directory=aarch64 --with-ecj-jar=/usr/share/java/eclipse-ecj.jar --enable-multiarch --enable-fix-cortex-a53-843419 --disable-werror --enable-checking=release --build=aarch64-linux-gnu --host=aarch64-linux-gnu --target=aarch64-linux-gnu
Thread model: posix
gcc version 5.4.0 20160609 (Ubuntu/Linaro 5.4.0-6ubuntu1~16.04.12) 
configure:4658: $? = 0
configure:4647: gcc -V >&5
gcc: error: unrecognized command line option '-V'
gcc: fatal error: no input files
compilation terminated.
configure:4658: $? = 1
configure:4647: gcc -qversion >&5
gcc: error: unrecognized command line option '-qversion'
gcc: fatal error: no input files
compilation terminated.
configure:4658: $? = 1
configure:4662: checking whether we are using the GNU C compiler
configure:4690: result: yes
configure:4699: checking whether gcc accepts -g
configure:4760: result: yes
configure:4777: checking for gcc option to accept ISO C89
configure:4853: result: none needed
configure:4878: checking whether gcc understands -c and -o together
configure:4915: result: yes
configure:4934: checking dependency style of gcc
configure:5045: result: gcc3
configure:5065: checking how to run the C preprocessor
configure:5096: gcc -E  conftest.c
configure:5096: $? = 0
configure:5110: gcc -E  conftest.c
conftest.c:11:28: fatal error: ac_nonexistent.h: No such file or directory
compilation terminated.
configure:5110: $? = 1
configure: failed program was:
| /* confdefs.h */
| #define PACKAGE_NAME "libserialport"
| #define PACKAGE_TARNAME "libserialport"
| #define PACKAGE_VERSION "0.1.0"
| #define PACKAGE_STRING "libserialport 0.1.0"
| #define PACKAGE_BUGREPORT "martin-libserialport@earth.li"
| #define PACKAGE_URL "http://sigrok.org/wiki/Libserialport"
| #define PACKAGE "libserialport"
| #define VERSION "0.1.0"
| /* end confdefs.h.  */
| #include <ac_nonexistent.h>
configure:5135: result: gcc -E
configure:5155: gcc -E  conftest.c
configure:5155: $? = 0
configure:5169: gcc -E  conftest.c
conftest.c:11:28: fatal error: ac_nonexistent.h: No such file or directory
compilation terminated.
configure:5169: $? = 1
configure: failed program was:
| /* confdefs.h */
| #define PACKAGE_NAME "libserialport"
| #define PACKAGE_TARNAME "libserialport"
| #define PACKAGE_VERSION "0.1.0"
| #define PACKAGE_STRING "libserialport 0.1.0"
| #define PACKAGE_BUGREPORT "martin-libserialport@earth.li"
| #define PACKAGE_URL "http://sigrok.org/wiki/Libserialport"
| #define PACKAGE "libserialport"
| #define VERSION "0.1.0"
| /* end confdefs.h.  */
| #include <ac_nonexistent.h>
configure:5198: checking whether ln -s works
configure:5202: result: yes
configure:5257: checking how to print strings
configure:5284: result: printf
configure:5305: checking for a sed that does not truncate output
configure:5369: result: /bin/sed
configure:5387: checking for grep that handles long lines and -e
configure:5445: result: /bin/grep
configure:5450: checking for egrep
configure:5512: result: /bin/grep -E
configure:5517: checking for fgrep
configure:5579: result: /bin/grep -F
configure:5614: checking for ld used by gcc
configure:5681: result: /usr/bin/ld
configure:5688: checking if the linker (/usr/bin/ld) is GNU ld
configure:5703: result: yes
configure:5715: checking for BSD- or MS-compatible name lister (nm)
configure:5764: result: /usr/bin/nm -B
configure:5894: checking the name lister (/usr/bin/nm -B) interface
configure:5901: gcc -c -g -O2 -Wall -Wextra  conftest.c >&5
configure:5904: /usr/bin/nm -B "conftest.o"
configure:5907: output
0000000000000000 B some_variable
configure:5914: result: BSD nm
configure:5918: checking the maximum length of command line arguments
configure:6049: result: 1572864
configure:6066: checking whether the shell understands some XSI constructs
configure:6076: result: yes
configure:6080: checking whether the shell understands "+="
configure:6086: result: yes
configure:6121: checking how to convert aarch64-unknown-linux-gnu file names to aarch64-unknown-linux-gnu format
configure:6161: result: func_convert_file_noop
configure:6168: checking how to convert aarch64-unknown-linux-gnu file names to toolchain format
configure:6188: result: func_convert_file_noop
configure:6195: checking for /usr/bin/ld option to reload object files
configure:6202: result: -r
configure:6276: checking for objdump
configure:6292: found /usr/bin/objdump
configure:6303: result: objdump
configure:6335: checking how to recognize dependent libraries
configure:6533: result: pass_all
configure:6618: checking for dlltool
configure:6648: result: no
configure:6678: checking how to associate runtime and link libraries
configure:6705: result: printf %s\n
configure:6829: checking for archiver @FILE support
configure:6846: gcc -c -g -O2 -Wall -Wextra  conftest.c >&5
configure:6846: $? = 0
configure:6849: ar cru libconftest.a @conftest.lst >&5
ar: `u' modifier ignored since `D' is the default (see `U')
configure:6852: $? = 0
configure:6857: ar cru libconftest.a @conftest.lst >&5
ar: `u' modifier ignored since `D' is the default (see `U')
ar: conftest.o: No such file or directory
configure:6860: $? = 1
configure:6872: result: @
configure:6930: checking for strip
configure:6946: found /usr/bin/strip
configure:6957: result: strip
configure:7029: checking for ranlib
configure:7045: found /usr/bin/ranlib
configure:7056: result: ranlib
configure:7158: checking command to parse /usr/bin/nm -B output from gcc object
configure:7278: gcc -c -g -O2 -Wall -Wextra  conftest.c >&5
configure:7281: $? = 0
configure:7285: /usr/bin/nm -B conftest.o \| sed -n -e 's/^.*[ ]\([ABCDGIRSTW][ABCDGIRSTW]*\)[ ][ ]*\([_A-Za-z][_A-Za-z0-9]*\)$/\1 \2 \2/p' | sed '/ __gnu_lto/d' \> conftest.nm
configure:7288: $? = 0
configure:7354: gcc -o conftest -g -O2 -Wall -Wextra   conftest.c conftstm.o >&5
configure:7357: $? = 0
configure:7395: result: ok
configure:7432: checking for sysroot
configure:7462: result: no
configure:7731: checking for mt
configure:7747: found /bin/mt
configure:7758: result: mt
configure:7781: checking if mt is a manifest tool
configure:7787: mt '-?'
configure:7795: result: no
configure:8433: checking for ANSI C header files
configure:8453: gcc -c -g -O2 -Wall -Wextra  conftest.c >&5
configure:8453: $? = 0
configure:8526: gcc -o conftest -g -O2 -Wall -Wextra   conftest.c  >&5
configure:8526: $? = 0
configure:8526: ./conftest
configure:8526: $? = 0
configure:8537: result: yes
configure:8550: checking for sys/types.h
configure:8550: gcc -c -g -O2 -Wall -Wextra  conftest.c >&5
configure:8550: $? = 0
configure:8550: result: yes
configure:8550: checking for sys/stat.h
configure:8550: gcc -c -g -O2 -Wall -Wextra  conftest.c >&5
configure:8550: $? = 0
configure:8550: result: yes
configure:8550: checking for stdlib.h
configure:8550: gcc -c -g -O2 -Wall -Wextra  conftest.c >&5
configure:8550: $? = 0
configure:8550: result: yes
configure:8550: checking for string.h
configure:8550: gcc -c -g -O2 -Wall -Wextra  conftest.c >&5
configure:8550: $? = 0
configure:8550: result: yes
configure:8550: checking for memory.h
configure:8550: gcc -c -g -O2 -Wall -Wextra  conftest.c >&5
configure:8550: $? = 0
configure:8550: result: yes
configure:8550: checking for strings.h
configure:8550: gcc -c -g -O2 -Wall -Wextra  conftest.c >&5
configure:8550: $? = 0
configure:8550: result: yes
configure:8550: checking for inttypes.h
configure:8550: gcc -c -g -O2 -Wall -Wextra  conftest.c >&5
configure:8550: $? = 0
configure:8550: result: yes
configure:8550: checking for stdint.h
configure:8550: gcc -c -g -O2 -Wall -Wextra  conftest.c >&5
configure:8550: $? = 0
configure:8550: result: yes
configure:8550: checking for unistd.h
configure:8550: gcc -c -g -O2 -Wall -Wextra  conftest.c >&5
configure:8550: $? = 0
configure:8550: result: yes
configure:8564: checking for dlfcn.h
configure:8564: gcc -c -g -O2 -Wall -Wextra  conftest.c >&5
configure:8564: $? = 0
configure:8564: result: yes
configure:8770: checking for objdir
configure:8785: result: .libs
configure:9056: checking if gcc supports -fno-rtti -fno-exceptions
configure:9074: gcc -c -g -O2 -Wall -Wextra  -fno-rtti -fno-exceptions conftest.c >&5
cc1: warning: command line option '-fno-rtti' is valid for C++/ObjC++ but not for C
configure:9078: $? = 0
configure:9091: result: no
configure:9418: checking for gcc option to produce PIC
configure:9425: result: -fPIC -DPIC
configure:9433: checking if gcc PIC flag -fPIC -DPIC works
configure:9451: gcc -c -g -O2 -Wall -Wextra  -fPIC -DPIC -DPIC conftest.c >&5
configure:9455: $? = 0
configure:9468: result: yes
configure:9497: checking if gcc static flag -static works
configure:9525: result: yes
configure:9540: checking if gcc supports -c -o file.o
configure:9561: gcc -c -g -O2 -Wall -Wextra  -o out/conftest2.o conftest.c >&5
configure:9565: $? = 0
configure:9587: result: yes
configure:9595: checking if gcc supports -c -o file.o
configure:9642: result: yes
configure:9675: checking whether the gcc linker (/usr/bin/ld) supports shared libraries
configure:10832: result: yes
configure:10869: checking whether -lc should be explicitly linked in
configure:10877: gcc -c -g -O2 -Wall -Wextra  conftest.c >&5
configure:10880: $? = 0
configure:10895: gcc -shared  -fPIC -DPIC conftest.o  -v -Wl,-soname -Wl,conftest -o conftest 2\>\&1 \| /bin/grep  -lc  \>/dev/null 2\>\&1
configure:10898: $? = 0
configure:10912: result: no
configure:11072: checking dynamic linker characteristics
configure:11572: gcc -o conftest -g -O2 -Wall -Wextra   -Wl,-rpath -Wl,/foo conftest.c  >&5
configure:11572: $? = 0
configure:11806: result: GNU/Linux ld.so
configure:11913: checking how to hardcode library paths into programs
configure:11938: result: immediate
configure:12478: checking whether stripping libraries is possible
configure:12483: result: yes
configure:12518: checking if libtool supports shared libraries
configure:12520: result: yes
configure:12523: checking whether to build shared libraries
configure:12544: result: yes
configure:12547: checking whether to build static libraries
configure:12551: result: yes
configure:12645: checking for pkg-config
configure:12663: found /usr/bin/pkg-config
configure:12675: result: /usr/bin/pkg-config
configure:12700: checking pkg-config is at least version 0.22
configure:12703: result: yes
configure:12757: checking for libudev
configure:12764: $PKG_CONFIG --exists --print-errors "libudev >= 0"
configure:12767: $? = 0
configure:12781: $PKG_CONFIG --exists --print-errors "libudev >= 0"
configure:12784: $? = 0
configure:12842: result: yes
configure:12883: checking for size_t
configure:12883: gcc -c -g -O2 -Wall -Wextra   conftest.c >&5
configure:12883: $? = 0
configure:12883: gcc -c -g -O2 -Wall -Wextra   conftest.c >&5
conftest.c: In function 'main':
conftest.c:60:21: error: expected expression before ')' token
 if (sizeof ((size_t)))
                     ^
configure:12883: $? = 1
configure: failed program was:
| /* confdefs.h */
| #define PACKAGE_NAME "libserialport"
| #define PACKAGE_TARNAME "libserialport"
| #define PACKAGE_VERSION "0.1.0"
| #define PACKAGE_STRING "libserialport 0.1.0"
| #define PACKAGE_BUGREPORT "martin-libserialport@earth.li"
| #define PACKAGE_URL "http://sigrok.org/wiki/Libserialport"
| #define PACKAGE "libserialport"
| #define VERSION "0.1.0"
| #define STDC_HEADERS 1
| #define HAVE_SYS_TYPES_H 1
| #define HAVE_SYS_STAT_H 1
| #define HAVE_STDLIB_H 1
| #define HAVE_STRING_H 1
| #define HAVE_MEMORY_H 1
| #define HAVE_STRINGS_H 1
| #define HAVE_INTTYPES_H 1
| #define HAVE_STDINT_H 1
| #define HAVE_UNISTD_H 1
| #define HAVE_DLFCN_H 1
| #define LT_OBJDIR ".libs/"
| #define HAVE_LIBUDEV 1
| /* end confdefs.h.  */
| #include <stdio.h>
| #ifdef HAVE_SYS_TYPES_H
| # include <sys/types.h>
| #endif
| #ifdef HAVE_SYS_STAT_H
| # include <sys/stat.h>
| #endif
| #ifdef STDC_HEADERS
| # include <stdlib.h>
| # include <stddef.h>
| #else
| # ifdef HAVE_STDLIB_H
| #  include <stdlib.h>
| # endif
| #endif
| #ifdef HAVE_STRING_H
| # if !defined STDC_HEADERS && defined HAVE_MEMORY_H
| #  include <memory.h>
| # endif
| # include <string.h>
| #endif
| #ifdef HAVE_STRINGS_H
| # include <strings.h>
| #endif
| #ifdef HAVE_INTTYPES_H
| # include <inttypes.h>
| #endif
| #ifdef HAVE_STDINT_H
| # include <stdint.h>
| #endif
| #ifdef HAVE_UNISTD_H
| # include <unistd.h>
| #endif
| int
| main ()
| {
| if (sizeof ((size_t)))
| 	    return 0;
|   ;
|   return 0;
| }
configure:12883: result: yes
configure:12896: checking for struct termios2
configure:12896: gcc -c -g -O2 -Wall -Wextra   conftest.c >&5
configure:12896: $? = 0
configure:12896: gcc -c -g -O2 -Wall -Wextra   conftest.c >&5
conftest.c: In function 'main':
conftest.c:29:30: error: expected expression before ')' token
 if (sizeof ((struct termios2)))
                              ^
configure:12896: $? = 1
configure: failed program was:
| /* confdefs.h */
| #define PACKAGE_NAME "libserialport"
| #define PACKAGE_TARNAME "libserialport"
| #define PACKAGE_VERSION "0.1.0"
| #define PACKAGE_STRING "libserialport 0.1.0"
| #define PACKAGE_BUGREPORT "martin-libserialport@earth.li"
| #define PACKAGE_URL "http://sigrok.org/wiki/Libserialport"
| #define PACKAGE "libserialport"
| #define VERSION "0.1.0"
| #define STDC_HEADERS 1
| #define HAVE_SYS_TYPES_H 1
| #define HAVE_SYS_STAT_H 1
| #define HAVE_STDLIB_H 1
| #define HAVE_STRING_H 1
| #define HAVE_MEMORY_H 1
| #define HAVE_STRINGS_H 1
| #define HAVE_INTTYPES_H 1
| #define HAVE_STDINT_H 1
| #define HAVE_UNISTD_H 1
| #define HAVE_DLFCN_H 1
| #define LT_OBJDIR ".libs/"
| #define HAVE_LIBUDEV 1
| /* end confdefs.h.  */
| #include <linux/termios.h>
| 
| int
| main ()
| {
| if (sizeof ((struct termios2)))
| 	    return 0;
|   ;
|   return 0;
| }
configure:12896: result: yes
configure:12903: checking for struct termiox
configure:12903: gcc -c -g -O2 -Wall -Wextra   conftest.c >&5
configure:12903: $? = 0
configure:12903: gcc -c -g -O2 -Wall -Wextra   conftest.c >&5
conftest.c: In function 'main':
conftest.c:30:29: error: expected expression before ')' token
 if (sizeof ((struct termiox)))
                             ^
configure:12903: $? = 1
configure: failed program was:
| /* confdefs.h */
| #define PACKAGE_NAME "libserialport"
| #define PACKAGE_TARNAME "libserialport"
| #define PACKAGE_VERSION "0.1.0"
| #define PACKAGE_STRING "libserialport 0.1.0"
| #define PACKAGE_BUGREPORT "martin-libserialport@earth.li"
| #define PACKAGE_URL "http://sigrok.org/wiki/Libserialport"
| #define PACKAGE "libserialport"
| #define VERSION "0.1.0"
| #define STDC_HEADERS 1
| #define HAVE_SYS_TYPES_H 1
| #define HAVE_SYS_STAT_H 1
| #define HAVE_STDLIB_H 1
| #define HAVE_STRING_H 1
| #define HAVE_MEMORY_H 1
| #define HAVE_STRINGS_H 1
| #define HAVE_INTTYPES_H 1
| #define HAVE_STDINT_H 1
| #define HAVE_UNISTD_H 1
| #define HAVE_DLFCN_H 1
| #define LT_OBJDIR ".libs/"
| #define HAVE_LIBUDEV 1
| #define HAVE_TERMIOS2 1
| /* end confdefs.h.  */
| #include <linux/termios.h>
| 
| int
| main ()
| {
| if (sizeof ((struct termiox)))
| 	    return 0;
|   ;
|   return 0;
| }
configure:12903: result: yes
configure:12910: checking for struct termios.c_ispeed
configure:12910: gcc -c -g -O2 -Wall -Wextra   conftest.c >&5
conftest.c: In function 'main':
conftest.c:32:12: error: 'struct termios' has no member named 'c_ispeed'
 if (ac_aggr.c_ispeed)
            ^
conftest.c:31:23: warning: variable 'ac_aggr' set but not used [-Wunused-but-set-variable]
 static struct termios ac_aggr;
                       ^
configure:12910: $? = 1
configure: failed program was:
| /* confdefs.h */
| #define PACKAGE_NAME "libserialport"
| #define PACKAGE_TARNAME "libserialport"
| #define PACKAGE_VERSION "0.1.0"
| #define PACKAGE_STRING "libserialport 0.1.0"
| #define PACKAGE_BUGREPORT "martin-libserialport@earth.li"
| #define PACKAGE_URL "http://sigrok.org/wiki/Libserialport"
| #define PACKAGE "libserialport"
| #define VERSION "0.1.0"
| #define STDC_HEADERS 1
| #define HAVE_SYS_TYPES_H 1
| #define HAVE_SYS_STAT_H 1
| #define HAVE_STDLIB_H 1
| #define HAVE_STRING_H 1
| #define HAVE_MEMORY_H 1
| #define HAVE_STRINGS_H 1
| #define HAVE_INTTYPES_H 1
| #define HAVE_STDINT_H 1
| #define HAVE_UNISTD_H 1
| #define HAVE_DLFCN_H 1
| #define LT_OBJDIR ".libs/"
| #define HAVE_LIBUDEV 1
| #define HAVE_TERMIOS2 1
| #define HAVE_TERMIOX 1
| /* end confdefs.h.  */
| #include <linux/termios.h>
| 
| int
| main ()
| {
| static struct termios ac_aggr;
| if (ac_aggr.c_ispeed)
| return 0;
|   ;
|   return 0;
| }
configure:12910: gcc -c -g -O2 -Wall -Wextra   conftest.c >&5
conftest.c: In function 'main':
conftest.c:32:19: error: 'struct termios' has no member named 'c_ispeed'
 if (sizeof ac_aggr.c_ispeed)
                   ^
conftest.c:31:23: warning: variable 'ac_aggr' set but not used [-Wunused-but-set-variable]
 static struct termios ac_aggr;
                       ^
configure:12910: $? = 1
configure: failed program was:
| /* confdefs.h */
| #define PACKAGE_NAME "libserialport"
| #define PACKAGE_TARNAME "libserialport"
| #define PACKAGE_VERSION "0.1.0"
| #define PACKAGE_STRING "libserialport 0.1.0"
| #define PACKAGE_BUGREPORT "martin-libserialport@earth.li"
| #define PACKAGE_URL "http://sigrok.org/wiki/Libserialport"
| #define PACKAGE "libserialport"
| #define VERSION "0.1.0"
| #define STDC_HEADERS 1
| #define HAVE_SYS_TYPES_H 1
| #define HAVE_SYS_STAT_H 1
| #define HAVE_STDLIB_H 1
| #define HAVE_STRING_H 1
| #define HAVE_MEMORY_H 1
| #define HAVE_STRINGS_H 1
| #define HAVE_INTTYPES_H 1
| #define HAVE_STDINT_H 1
| #define HAVE_UNISTD_H 1
| #define HAVE_DLFCN_H 1
| #define LT_OBJDIR ".libs/"
| #define HAVE_LIBUDEV 1
| #define HAVE_TERMIOS2 1
| #define HAVE_TERMIOX 1
| /* end confdefs.h.  */
| #include <linux/termios.h>
| 
| int
| main ()
| {
| static struct termios ac_aggr;
| if (sizeof ac_aggr.c_ispeed)
| return 0;
|   ;
|   return 0;
| }
configure:12910: result: no
configure:12921: checking for struct termios.c_ospeed
configure:12921: gcc -c -g -O2 -Wall -Wextra   conftest.c >&5
conftest.c: In function 'main':
conftest.c:32:12: error: 'struct termios' has no member named 'c_ospeed'
 if (ac_aggr.c_ospeed)
            ^
conftest.c:31:23: warning: variable 'ac_aggr' set but not used [-Wunused-but-set-variable]
 static struct termios ac_aggr;
                       ^
configure:12921: $? = 1
configure: failed program was:
| /* confdefs.h */
| #define PACKAGE_NAME "libserialport"
| #define PACKAGE_TARNAME "libserialport"
| #define PACKAGE_VERSION "0.1.0"
| #define PACKAGE_STRING "libserialport 0.1.0"
| #define PACKAGE_BUGREPORT "martin-libserialport@earth.li"
| #define PACKAGE_URL "http://sigrok.org/wiki/Libserialport"
| #define PACKAGE "libserialport"
| #define VERSION "0.1.0"
| #define STDC_HEADERS 1
| #define HAVE_SYS_TYPES_H 1
| #define HAVE_SYS_STAT_H 1
| #define HAVE_STDLIB_H 1
| #define HAVE_STRING_H 1
| #define HAVE_MEMORY_H 1
| #define HAVE_STRINGS_H 1
| #define HAVE_INTTYPES_H 1
| #define HAVE_STDINT_H 1
| #define HAVE_UNISTD_H 1
| #define HAVE_DLFCN_H 1
| #define LT_OBJDIR ".libs/"
| #define HAVE_LIBUDEV 1
| #define HAVE_TERMIOS2 1
| #define HAVE_TERMIOX 1
| /* end confdefs.h.  */
| #include <linux/termios.h>
| 
| int
| main ()
| {
| static struct termios ac_aggr;
| if (ac_aggr.c_ospeed)
| return 0;
|   ;
|   return 0;
| }
configure:12921: gcc -c -g -O2 -Wall -Wextra   conftest.c >&5
conftest.c: In function 'main':
conftest.c:32:19: error: 'struct termios' has no member named 'c_ospeed'
 if (sizeof ac_aggr.c_ospeed)
                   ^
conftest.c:31:23: warning: variable 'ac_aggr' set but not used [-Wunused-but-set-variable]
 static struct termios ac_aggr;
                       ^
configure:12921: $? = 1
configure: failed program was:
| /* confdefs.h */
| #define PACKAGE_NAME "libserialport"
| #define PACKAGE_TARNAME "libserialport"
| #define PACKAGE_VERSION "0.1.0"
| #define PACKAGE_STRING "libserialport 0.1.0"
| #define PACKAGE_BUGREPORT "martin-libserialport@earth.li"
| #define PACKAGE_URL "http://sigrok.org/wiki/Libserialport"
| #define PACKAGE "libserialport"
| #define VERSION "0.1.0"
| #define STDC_HEADERS 1
| #define HAVE_SYS_TYPES_H 1
| #define HAVE_SYS_STAT_H 1
| #define HAVE_STDLIB_H 1
| #define HAVE_STRING_H 1
| #define HAVE_MEMORY_H 1
| #define HAVE_STRINGS_H 1
| #define HAVE_INTTYPES_H 1
| #define HAVE_STDINT_H 1
| #define HAVE_UNISTD_H 1
| #define HAVE_DLFCN_H 1
| #define LT_OBJDIR ".libs/"
| #define HAVE_LIBUDEV 1
| #define HAVE_TERMIOS2 1
| #define HAVE_TERMIOX 1
| /* end confdefs.h.  */
| #include <linux/termios.h>
| 
| int
| main ()
| {
| static struct termios ac_aggr;
| if (sizeof ac_aggr.c_ospeed)
| return 0;
|   ;
|   return 0;
| }
configure:12921: result: no
configure:12933: checking for struct termios2.c_ispeed
configure:12933: gcc -c -g -O2 -Wall -Wextra   conftest.c >&5
configure:12933: $? = 0
configure:12933: result: yes
configure:12944: checking for struct termios2.c_ospeed
configure:12944: gcc -c -g -O2 -Wall -Wextra   conftest.c >&5
configure:12944: $? = 0
configure:12944: result: yes
configure:13120: checking that generated files are newer than configure
configure:13126: result: done
configure:13165: creating ./config.status

## ---------------- ##
## Cache variables. ##
## ---------------- ##

ac_cv_build=aarch64-unknown-linux-gnu
ac_cv_c_compiler_gnu=yes
ac_cv_env_CC_set=
ac_cv_env_CC_value=
ac_cv_env_CFLAGS_set=
ac_cv_env_CFLAGS_value=
ac_cv_env_CPPFLAGS_set=
ac_cv_env_CPPFLAGS_value=
ac_cv_env_CPP_set=
ac_cv_env_CPP_value=
ac_cv_env_LDFLAGS_set=
ac_cv_env_LDFLAGS_value=
ac_cv_env_LIBS_set=
ac_cv_env_LIBS_value=
ac_cv_env_PKG_CONFIG_LIBDIR_set=
ac_cv_env_PKG_CONFIG_LIBDIR_value=
ac_cv_env_PKG_CONFIG_PATH_set=set
ac_cv_env_PKG_CONFIG_PATH_value=/opt/ros/kinetic/lib/pkgconfig:/opt/ros/kinetic/lib/x86_64-linux-gnu/pkgconfig
ac_cv_env_PKG_CONFIG_set=
ac_cv_env_PKG_CONFIG_value=
ac_cv_env_build_alias_set=
ac_cv_env_build_alias_value=
ac_cv_env_host_alias_set=
ac_cv_env_host_alias_value=
ac_cv_env_libudev_CFLAGS_set=
ac_cv_env_libudev_CFLAGS_value=
ac_cv_env_libudev_LIBS_set=
ac_cv_env_libudev_LIBS_value=
ac_cv_env_target_alias_set=
ac_cv_env_target_alias_value=
ac_cv_header_dlfcn_h=yes
ac_cv_header_inttypes_h=yes
ac_cv_header_memory_h=yes
ac_cv_header_stdc=yes
ac_cv_header_stdint_h=yes
ac_cv_header_stdlib_h=yes
ac_cv_header_string_h=yes
ac_cv_header_strings_h=yes
ac_cv_header_sys_stat_h=yes
ac_cv_header_sys_types_h=yes
ac_cv_header_unistd_h=yes
ac_cv_host=aarch64-unknown-linux-gnu
ac_cv_member_struct_termios2_c_ispeed=yes
ac_cv_member_struct_termios2_c_ospeed=yes
ac_cv_member_struct_termios_c_ispeed=no
ac_cv_member_struct_termios_c_ospeed=no
ac_cv_objext=o
ac_cv_path_EGREP='/bin/grep -E'
ac_cv_path_FGREP='/bin/grep -F'
ac_cv_path_GREP=/bin/grep
ac_cv_path_SED=/bin/sed
ac_cv_path_ac_pt_PKG_CONFIG=/usr/bin/pkg-config
ac_cv_path_install='/usr/bin/install -c'
ac_cv_path_mkdir=/bin/mkdir
ac_cv_prog_AWK=mawk
ac_cv_prog_CPP='gcc -E'
ac_cv_prog_ac_ct_AR=ar
ac_cv_prog_ac_ct_CC=gcc
ac_cv_prog_ac_ct_MANIFEST_TOOL=mt
ac_cv_prog_ac_ct_OBJDUMP=objdump
ac_cv_prog_ac_ct_RANLIB=ranlib
ac_cv_prog_ac_ct_STRIP=strip
ac_cv_prog_cc_c89=
ac_cv_prog_cc_g=yes
ac_cv_prog_make_make_set=yes
ac_cv_target=aarch64-unknown-linux-gnu
ac_cv_type_size_t=yes
ac_cv_type_struct_termios2=yes
ac_cv_type_struct_termiox=yes
am_cv_CC_dependencies_compiler_type=gcc3
am_cv_ar_interface=ar
am_cv_make_support_nested_variables=yes
am_cv_prog_cc_c_o=yes
lt_cv_ar_at_file=@
lt_cv_archive_cmds_need_lc=no
lt_cv_deplibs_check_method=pass_all
lt_cv_file_magic_cmd='$MAGIC_CMD'
lt_cv_file_magic_test_file=
lt_cv_ld_reload_flag=-r
lt_cv_nm_interface='BSD nm'
lt_cv_objdir=.libs
lt_cv_path_LD=/usr/bin/ld
lt_cv_path_NM='/usr/bin/nm -B'
lt_cv_path_mainfest_tool=no
lt_cv_prog_compiler_c_o=yes
lt_cv_prog_compiler_pic='-fPIC -DPIC'
lt_cv_prog_compiler_pic_works=yes
lt_cv_prog_compiler_rtti_exceptions=no
lt_cv_prog_compiler_static_works=yes
lt_cv_prog_gnu_ld=yes
lt_cv_sharedlib_from_linklib_cmd='printf %s\n'
lt_cv_shlibpath_overrides_runpath=no
lt_cv_sys_global_symbol_pipe='sed -n -e '\''s/^.*[	 ]\([ABCDGIRSTW][ABCDGIRSTW]*\)[	 ][	 ]*\([_A-Za-z][_A-Za-z0-9]*\)$/\1 \2 \2/p'\'' | sed '\''/ __gnu_lto/d'\'''
lt_cv_sys_global_symbol_to_c_name_address='sed -n -e '\''s/^: \([^ ]*\)[ ]*$/  {\"\1\", (void *) 0},/p'\'' -e '\''s/^[ABCDGIRSTW]* \([^ ]*\) \([^ ]*\)$/  {"\2", (void *) \&\2},/p'\'''
lt_cv_sys_global_symbol_to_c_name_address_lib_prefix='sed -n -e '\''s/^: \([^ ]*\)[ ]*$/  {\"\1\", (void *) 0},/p'\'' -e '\''s/^[ABCDGIRSTW]* \([^ ]*\) \(lib[^ ]*\)$/  {"\2", (void *) \&\2},/p'\'' -e '\''s/^[ABCDGIRSTW]* \([^ ]*\) \([^ ]*\)$/  {"lib\2", (void *) \&\2},/p'\'''
lt_cv_sys_global_symbol_to_cdecl='sed -n -e '\''s/^T .* \(.*\)$/extern int \1();/p'\'' -e '\''s/^[ABCDGIRSTW]* .* \(.*\)$/extern char \1;/p'\'''
lt_cv_sys_max_cmd_len=1572864
lt_cv_to_host_file_cmd=func_convert_file_noop
lt_cv_to_tool_file_cmd=func_convert_file_noop
pkg_cv_libudev_CFLAGS=
pkg_cv_libudev_LIBS=-ludev

## ----------------- ##
## Output variables. ##
## ----------------- ##

ACLOCAL='${SHELL} /home/nvidia/AMP/AMP-v1/src/ti_comm/src/libserialport-0.1.0/autostuff/missing aclocal-1.14'
AMDEPBACKSLASH='\'
AMDEP_FALSE='#'
AMDEP_TRUE=''
AMTAR='$${TAR-tar}'
AM_BACKSLASH='\'
AM_DEFAULT_V='$(AM_DEFAULT_VERBOSITY)'
AM_DEFAULT_VERBOSITY='0'
AM_LIBTOOLFLAGS='--silent'
AM_V='$(V)'
AR='ar'
AUTOCONF='${SHELL} /home/nvidia/AMP/AMP-v1/src/ti_comm/src/libserialport-0.1.0/autostuff/missing autoconf'
AUTOHEADER='${SHELL} /home/nvidia/AMP/AMP-v1/src/ti_comm/src/libserialport-0.1.0/autostuff/missing autoheader'
AUTOMAKE='${SHELL} /home/nvidia/AMP/AMP-v1/src/ti_comm/src/libserialport-0.1.0/autostuff/missing automake-1.14'
AWK='mawk'
CC='gcc'
CCDEPMODE='depmode=gcc3'
CFLAGS='-g -O2 -Wall -Wextra '
CPP='gcc -E'
CPPFLAGS=''
CYGPATH_W='echo'
DEFS='-DPACKAGE_NAME=\"libserialport\" -DPACKAGE_TARNAME=\"libserialport\" -DPACKAGE_VERSION=\"0.1.0\" -DPACKAGE_STRING=\"libserialport\ 0.1.0\" -DPACKAGE_BUGREPORT=\"martin-libserialport@earth.li\" -DPACKAGE_URL=\"http://sigrok.org/wiki/Libserialport\" -DPACKAGE=\"libserialport\" -DVERSION=\"0.1.0\" -DSTDC_HEADERS=1 -DHAVE_SYS_TYPES_H=1 -DHAVE_SYS_STAT_H=1 -DHAVE_STDLIB_H=1 -DHAVE_STRING_H=1 -DHAVE_MEMORY_H=1 -DHAVE_STRINGS_H=1 -DHAVE_INTTYPES_H=1 -DHAVE_STDINT_H=1 -DHAVE_UNISTD_H=1 -DHAVE_DLFCN_H=1 -DLT_OBJDIR=\".libs/\" -DHAVE_LIBUDEV=1 -DHAVE_TERMIOS2=1 -DHAVE_TERMIOX=1 -DHAVE_STRUCT_TERMIOS2_C_ISPEED=1 -DHAVE_TERMIOS2_SPEED=1 -DHAVE_STRUCT_TERMIOS2_C_OSPEED=1 -DHAVE_TERMIOS2_SPEED=1'
DEPDIR='.deps'
DLLTOOL='false'
DSYMUTIL=''
DUMPBIN=''
ECHO_C=''
ECHO_N='-n'
ECHO_T=''
EGREP='/bin/grep -E'
EXEEXT=''
FGREP='/bin/grep -F'
GREP='/bin/grep'
INSTALL_DATA='${INSTALL} -m 644'
INSTALL_PROGRAM='${INSTALL}'
INSTALL_SCRIPT='${INSTALL}'
INSTALL_STRIP_PROGRAM='$(install_sh) -c -s'
LD='/usr/bin/ld'
LDFLAGS=''
LIBOBJS=''
LIBS=' -ludev'
LIBTOOL='$(SHELL) $(top_builddir)/libtool'
LINUX_FALSE='#'
LINUX_TRUE=''
LIPO=''
LN_S='ln -s'
LTLIBOBJS=''
MAKEFLAGS='--no-print-directory'
MAKEINFO='${SHELL} /home/nvidia/AMP/AMP-v1/src/ti_comm/src/libserialport-0.1.0/autostuff/missing makeinfo'
MANIFEST_TOOL=':'
MKDIR_P='/bin/mkdir -p'
NM='/usr/bin/nm -B'
NMEDIT=''
OBJDUMP='objdump'
OBJEXT='o'
OTOOL64=''
OTOOL=''
PACKAGE='libserialport'
PACKAGE_BUGREPORT='martin-libserialport@earth.li'
PACKAGE_NAME='libserialport'
PACKAGE_STRING='libserialport 0.1.0'
PACKAGE_TARNAME='libserialport'
PACKAGE_URL='http://sigrok.org/wiki/Libserialport'
PACKAGE_VERSION='0.1.0'
PATH_SEPARATOR=':'
PKG_CONFIG='/usr/bin/pkg-config'
PKG_CONFIG_LIBDIR=''
PKG_CONFIG_PATH='/opt/ros/kinetic/lib/pkgconfig:/opt/ros/kinetic/lib/x86_64-linux-gnu/pkgconfig'
RANLIB='ranlib'
SED='/bin/sed'
SET_MAKE=''
SHELL='/bin/bash'
SP_LIB_LDFLAGS='-version-info 0:0:0'
SP_LIB_VERSION='0:0:0'
SP_LIB_VERSION_AGE='0'
SP_LIB_VERSION_CURRENT='0'
SP_LIB_VERSION_REVISION='0'
SP_PACKAGE_VERSION='0.1.0'
SP_PACKAGE_VERSION_MAJOR='0'
SP_PACKAGE_VERSION_MICRO='0'
SP_PACKAGE_VERSION_MINOR='1'
SP_PKGLIBS=' libudev'
STRIP='strip'
VERSION='0.1.0'
ac_ct_AR='ar'
ac_ct_CC='gcc'
ac_ct_DUMPBIN=''
am__EXEEXT_FALSE=''
am__EXEEXT_TRUE='#'
am__fastdepCC_FALSE='#'
am__fastdepCC_TRUE=''
am__include='include'
am__isrc=''
am__leading_dot='.'
am__nodep='_no'
am__quote=''
am__tar='$${TAR-tar} chof - "$$tardir"'
am__untar='$${TAR-tar} xf -'
bindir='${exec_prefix}/bin'
build='aarch64-unknown-linux-gnu'
build_alias=''
build_cpu='aarch64'
build_os='linux-gnu'
build_vendor='unknown'
datadir='${datarootdir}'
datarootdir='${prefix}/share'
docdir='${datarootdir}/doc/${PACKAGE_TARNAME}'
dvidir='${docdir}'
exec_prefix='${prefix}'
host='aarch64-unknown-linux-gnu'
host_alias=''
host_cpu='aarch64'
host_os='linux-gnu'
host_vendor='unknown'
htmldir='${docdir}'
includedir='${prefix}/include'
infodir='${datarootdir}/info'
install_sh='${SHELL} /home/nvidia/AMP/AMP-v1/src/ti_comm/src/libserialport-0.1.0/autostuff/install-sh'
libdir='${exec_prefix}/lib'
libexecdir='${exec_prefix}/libexec'
libudev_CFLAGS=''
libudev_LIBS='-ludev'
localedir='${datarootdir}/locale'
localstatedir='${prefix}/var'
mandir='${datarootdir}/man'
mkdir_p='$(MKDIR_P)'
oldincludedir='/usr/include'
pdfdir='${docdir}'
prefix='/usr/local'
program_transform_name='s,x,x,'
psdir='${docdir}'
sbindir='${exec_prefix}/sbin'
sharedstatedir='${prefix}/com'
sysconfdir='${prefix}/etc'
target='aarch64-unknown-linux-gnu'
target_alias=''
target_cpu='aarch64'
target_os='linux-gnu'
target_vendor='unknown'

## ----------- ##
## confdefs.h. ##
## ----------- ##

/* confdefs.h */
#define PACKAGE_NAME "libserialport"
#define PACKAGE_TARNAME "libserialport"
#define PACKAGE_VERSION "0.1.0"
#define PACKAGE_STRING "libserialport 0.1.0"
#define PACKAGE_BUGREPORT "martin-libserialport@earth.li"
#define PACKAGE_URL "http://sigrok.org/wiki/Libserialport"
#define PACKAGE "libserialport"
#define VERSION "0.1.0"
#define STDC_HEADERS 1
#define HAVE_SYS_TYPES_H 1
#define HAVE_SYS_STAT_H 1
#define HAVE_STDLIB_H 1
#define HAVE_STRING_H 1
#define HAVE_MEMORY_H 1
#define HAVE_STRINGS_H 1
#define HAVE_INTTYPES_H 1
#define HAVE_STDINT_H 1
#define HAVE_UNISTD_H 1
#define HAVE_DLFCN_H 1
#define LT_OBJDIR ".libs/"
#define HAVE_LIBUDEV 1
#define HAVE_TERMIOS2 1
#define HAVE_TERMIOX 1
#define HAVE_STRUCT_TERMIOS2_C_ISPEED 1
#define HAVE_TERMIOS2_SPEED 1
#define HAVE_STRUCT_TERMIOS2_C_OSPEED 1
#define HAVE_TERMIOS2_SPEED 1

configure: exit 0

## ---------------------- ##
## Running config.status. ##
## ---------------------- ##

This file was extended by libserialport config.status 0.1.0, which was
generated by GNU Autoconf 2.69.  Invocation command line was

  CONFIG_FILES    = 
  CONFIG_HEADERS  = 
  CONFIG_LINKS    = 
  CONFIG_COMMANDS = 
  $ ./config.status 

on tegra-ubuntu

config.status:1030: creating Makefile
config.status:1030: creating libserialport.h
config.status:1030: creating libserialport.pc
config.status:1202: executing depfiles commands
config.status:1202: executing libtool commands
